 ******* Program HYDRUS
 ******* 
 Welcome to HYDRUS-1D                                                    
 Date:  17. 5.2021    Time:  18:55: 9
 Units: L = m    , T = days , M = mmol 

----------------------------------------------------------
 Time       [T]        0.0000
----------------------------------------------------------
 Sub-region num.                     1
----------------------------------------------------------
 Length   [L]        0.60000E+01  0.60000E+01
 W-volume [L]        0.12035E+01  0.12035E+01
 In-flow  [L/T]      0.00000E+00  0.00000E+00
 h Mean   [L]       -0.50000E+00 -0.50000E+00
 Top Flux [L/T]     -0.39276E-04
 Bot Flux [L/T]     -0.87287E+00
----------------------------------------------------------

----------------------------------------------------------
 Time       [T]      730.4000
----------------------------------------------------------
 Sub-region num.                     1
----------------------------------------------------------
 Length   [L]        0.60000E+01  0.60000E+01
 W-volume [L]        0.92462E+00  0.92462E+00
 In-flow  [L/T]      0.42871E-02  0.42871E-02
 h Mean   [L]       -0.65758E+00 -0.65758E+00
 Top Flux [L/T]     -0.45741E-02
 Bot Flux [L/T]     -0.26780E-03
 WatBalT  [L]        0.43341E-02
 WatBalR  [%]              0.157
----------------------------------------------------------

----------------------------------------------------------
 Time       [T]     1460.8000
----------------------------------------------------------
 Sub-region num.                     1
----------------------------------------------------------
 Length   [L]        0.60000E+01  0.60000E+01
 W-volume [L]        0.91290E+00  0.91290E+00
 In-flow  [L/T]     -0.17726E-03 -0.17726E-03
 h Mean   [L]       -0.68439E+00 -0.68439E+00
 Top Flux [L/T]     -0.10300E-03
 Bot Flux [L/T]     -0.27724E-03
 WatBalT  [L]        0.53630E-02
 WatBalR  [%]              0.107
----------------------------------------------------------

----------------------------------------------------------
 Time       [T]     2191.2000
----------------------------------------------------------
 Sub-region num.                     1
----------------------------------------------------------
 Length   [L]        0.60000E+01  0.60000E+01
 W-volume [L]        0.94326E+00  0.94326E+00
 In-flow  [L/T]     -0.65264E-03 -0.65264E-03
 h Mean   [L]       -0.65042E+00 -0.65042E+00
 Top Flux [L/T]      0.53533E-04
 Bot Flux [L/T]     -0.25872E-03
 WatBalT  [L]        0.36287E-03
 WatBalR  [%]              0.005
----------------------------------------------------------

----------------------------------------------------------
 Time       [T]     2921.6000
----------------------------------------------------------
 Sub-region num.                     1
----------------------------------------------------------
 Length   [L]        0.60000E+01  0.60000E+01
 W-volume [L]        0.11502E+01  0.11502E+01
 In-flow  [L/T]     -0.74091E-03 -0.74091E-03
 h Mean   [L]       -0.39837E+00 -0.39837E+00
 Top Flux [L/T]     -0.14673E-02
 Bot Flux [L/T]     -0.20469E-02
 WatBalT  [L]        0.17422E-02
 WatBalR  [%]              0.019
----------------------------------------------------------

----------------------------------------------------------
 Time       [T]     3652.0000
----------------------------------------------------------
 Sub-region num.                     1
----------------------------------------------------------
 Length   [L]        0.60000E+01  0.60000E+01
 W-volume [L]        0.10213E+01  0.10213E+01
 In-flow  [L/T]     -0.75065E-03 -0.75065E-03
 h Mean   [L]       -0.52165E+00 -0.52165E+00
 Top Flux [L/T]     -0.16769E-03
 Bot Flux [L/T]     -0.30062E-03
 WatBalT  [L]       -0.20804E-02
 WatBalR  [%]              0.018
----------------------------------------------------------
 
 Calculation time [sec]   66.3500000238419     
