 ******* Program HYDRUS
 ******* Welcome to HYDRUS-1D                                                    
 Date:  18. 7.    Time:  21: 8:46
 Units: L = m    , T = days , M = mmol 

----------------------------------------------------------
 Time       [T]        0.0000
----------------------------------------------------------
 Sub-region num.                     1
----------------------------------------------------------
 Area     [L]        0.60000E+01  0.60000E+01
 W-volume [L]        0.58595E+00  0.58595E+00
 In-flow  [L/T]      0.00000E+00  0.00000E+00
 h Mean   [L]       -0.50000E+00 -0.50000E+00
 Top Flux [L/T]     -0.15754E-06
 Bot Flux [L/T]     -0.59352E+01
----------------------------------------------------------

----------------------------------------------------------
 Time       [T]      730.4000
----------------------------------------------------------
 Sub-region num.                     1
----------------------------------------------------------
 Area     [L]        0.60000E+01  0.60000E+01
 W-volume [L]        0.50344E+00  0.50344E+00
 In-flow  [L/T]      0.42516E-02  0.42516E-02
 h Mean   [L]       -0.29387E+00 -0.29387E+00
 Top Flux [L/T]     -0.46163E-02
 Bot Flux [L/T]     -0.30833E-03
 WatBalT  [L]       -0.22991E-02
 WatBalR  [%]              0.090
----------------------------------------------------------

----------------------------------------------------------
 Time       [T]     1460.8000
----------------------------------------------------------
 Sub-region num.                     1
----------------------------------------------------------
 Area     [L]        0.60000E+01  0.60000E+01
 W-volume [L]        0.52328E+00  0.52328E+00
 In-flow  [L/T]     -0.20217E-03 -0.20217E-03
 h Mean   [L]       -0.27585E+00 -0.27585E+00
 Top Flux [L/T]     -0.10147E-03
 Bot Flux [L/T]     -0.29914E-03
 WatBalT  [L]       -0.75227E-02
 WatBalR  [%]              0.158
----------------------------------------------------------

----------------------------------------------------------
 Time       [T]     2191.2000
----------------------------------------------------------
 Sub-region num.                     1
----------------------------------------------------------
 Area     [L]        0.60000E+01  0.60000E+01
 W-volume [L]        0.53912E+00  0.53912E+00
 In-flow  [L/T]     -0.53720E-03 -0.53720E-03
 h Mean   [L]       -0.27312E+00 -0.27312E+00
 Top Flux [L/T]      0.54244E-04
 Bot Flux [L/T]     -0.14414E-03
 WatBalT  [L]       -0.15408E-01
 WatBalR  [%]              0.240
----------------------------------------------------------

----------------------------------------------------------
 Time       [T]     2921.6000
----------------------------------------------------------
 Sub-region num.                     1
----------------------------------------------------------
 Area     [L]        0.60000E+01  0.60000E+01
 W-volume [L]        0.59713E+00  0.59713E+00
 In-flow  [L/T]      0.85670E-04  0.85670E-04
 h Mean   [L]       -0.22746E+00 -0.22746E+00
 Top Flux [L/T]     -0.14599E-02
 Bot Flux [L/T]     -0.12216E-02
 WatBalT  [L]       -0.19982E-01
 WatBalR  [%]              0.219
----------------------------------------------------------

----------------------------------------------------------
 Time       [T]     3652.0000
----------------------------------------------------------
 Sub-region num.                     1
----------------------------------------------------------
 Area     [L]        0.60000E+01  0.60000E+01
 W-volume [L]        0.55332E+00  0.55332E+00
 In-flow  [L/T]     -0.19769E-02 -0.19769E-02
 h Mean   [L]       -0.25436E+00 -0.25436E+00
 Top Flux [L/T]     -0.15329E-03
 Bot Flux [L/T]     -0.15287E-02
 WatBalT  [L]       -0.27312E-01
 WatBalR  [%]              0.242
----------------------------------------------------------

 Calculation time [sec]   126.00000000000000     
