 ******* Program HYDRUS
 ******* Welcome to HYDRUS-1D                                                    
 Date:  18. 7.    Time:  21: 8:46
 Units: L = m    , T = days , M = mmol 

 CosAlf,MaxIt,TolTh,  TolH
 1.000  100   0.000 0.00001

 TopInF,BotInF,AtmBC,SinkF,WLayer,qGWLF,FreeD,SeepF,lWat,lChem,lTemp,lRoot,lWDep
     T     F     T     T     F     F     F     F     T     F     F     F     F

Nodal point information

node      x         hOld    MatN LayN  Beta      Ah       AK      ATh     Temp    Conc(1...NS)         Sorb(1...NS)

   1     -0.000     -1.000    1    1   3.968    1.000    1.000    1.000
   2     -0.006     -0.999    1    1   3.921    1.000    1.000    1.000
   3     -0.012     -0.998    1    1   3.874    1.000    1.000    1.000
   4     -0.018     -0.997    1    1   3.827    1.000    1.000    1.000
   5     -0.024     -0.996    1    1   3.779    1.000    1.000    1.000
   6     -0.030     -0.995    1    1   3.732    1.000    1.000    1.000
   7     -0.036     -0.994    1    1   3.685    1.000    1.000    1.000
   8     -0.042     -0.993    1    1   3.638    1.000    1.000    1.000
   9     -0.048     -0.992    1    1   3.590    1.000    1.000    1.000
  10     -0.054     -0.991    1    1   3.543    1.000    1.000    1.000
  11     -0.060     -0.990    1    1   3.496    1.000    1.000    1.000
  12     -0.066     -0.989    1    1   3.449    1.000    1.000    1.000
  13     -0.072     -0.988    1    1   3.401    1.000    1.000    1.000
  14     -0.078     -0.987    1    1   3.354    1.000    1.000    1.000
  15     -0.084     -0.986    1    1   3.307    1.000    1.000    1.000
  16     -0.090     -0.985    1    1   3.260    1.000    1.000    1.000
  17     -0.096     -0.984    1    1   3.212    1.000    1.000    1.000
  18     -0.102     -0.983    1    1   3.165    1.000    1.000    1.000
  19     -0.108     -0.982    1    1   3.118    1.000    1.000    1.000
  20     -0.114     -0.981    1    1   3.071    1.000    1.000    1.000
  21     -0.120     -0.980    1    1   3.023    1.000    1.000    1.000
  22     -0.126     -0.979    1    1   2.976    1.000    1.000    1.000
  23     -0.132     -0.978    1    1   2.929    1.000    1.000    1.000
  24     -0.138     -0.977    1    1   2.882    1.000    1.000    1.000
  25     -0.144     -0.976    1    1   2.834    1.000    1.000    1.000
  26     -0.150     -0.975    1    1   2.787    1.000    1.000    1.000
  27     -0.156     -0.974    1    1   2.740    1.000    1.000    1.000
  28     -0.162     -0.973    1    1   2.693    1.000    1.000    1.000
  29     -0.168     -0.972    1    1   2.646    1.000    1.000    1.000
  30     -0.174     -0.971    1    1   2.598    1.000    1.000    1.000
  31     -0.180     -0.970    1    1   2.551    1.000    1.000    1.000
  32     -0.186     -0.969    1    1   2.504    1.000    1.000    1.000
  33     -0.192     -0.968    1    1   2.457    1.000    1.000    1.000
  34     -0.198     -0.967    1    1   2.409    1.000    1.000    1.000
  35     -0.204     -0.966    1    1   2.362    1.000    1.000    1.000
  36     -0.210     -0.965    1    1   2.315    1.000    1.000    1.000
  37     -0.216     -0.964    1    1   2.268    1.000    1.000    1.000
  38     -0.222     -0.963    1    1   2.220    1.000    1.000    1.000
  39     -0.228     -0.962    1    1   2.173    1.000    1.000    1.000
  40     -0.234     -0.961    1    1   2.126    1.000    1.000    1.000
  41     -0.240     -0.960    1    1   2.079    1.000    1.000    1.000
  42     -0.246     -0.959    1    1   2.031    1.000    1.000    1.000
  43     -0.252     -0.958    1    1   1.984    1.000    1.000    1.000
  44     -0.258     -0.957    1    1   1.937    1.000    1.000    1.000
  45     -0.264     -0.956    1    1   1.890    1.000    1.000    1.000
  46     -0.270     -0.955    1    1   1.842    1.000    1.000    1.000
  47     -0.276     -0.954    1    1   1.795    1.000    1.000    1.000
  48     -0.282     -0.953    1    1   1.748    1.000    1.000    1.000
  49     -0.288     -0.952    1    1   1.701    1.000    1.000    1.000
  50     -0.294     -0.951    1    1   1.653    1.000    1.000    1.000
  51     -0.300     -0.950    1    1   1.606    1.000    1.000    1.000
  52     -0.306     -0.949    1    1   1.559    1.000    1.000    1.000
  53     -0.312     -0.948    1    1   1.512    1.000    1.000    1.000
  54     -0.318     -0.947    1    1   1.464    1.000    1.000    1.000
  55     -0.324     -0.946    1    1   1.417    1.000    1.000    1.000
  56     -0.330     -0.945    1    1   1.370    1.000    1.000    1.000
  57     -0.336     -0.944    1    1   1.323    1.000    1.000    1.000
  58     -0.342     -0.943    1    1   1.276    1.000    1.000    1.000
  59     -0.348     -0.942    1    1   1.228    1.000    1.000    1.000
  60     -0.354     -0.941    1    1   1.181    1.000    1.000    1.000
  61     -0.360     -0.940    1    1   1.134    1.000    1.000    1.000
  62     -0.366     -0.939    1    1   1.087    1.000    1.000    1.000
  63     -0.372     -0.938    1    1   1.039    1.000    1.000    1.000
  64     -0.378     -0.937    1    1   0.992    1.000    1.000    1.000
  65     -0.384     -0.936    1    1   0.945    1.000    1.000    1.000
  66     -0.390     -0.935    1    1   0.898    1.000    1.000    1.000
  67     -0.396     -0.934    1    1   0.850    1.000    1.000    1.000
  68     -0.402     -0.933    1    1   0.803    1.000    1.000    1.000
  69     -0.408     -0.932    1    1   0.756    1.000    1.000    1.000
  70     -0.414     -0.931    1    1   0.709    1.000    1.000    1.000
  71     -0.420     -0.930    1    1   0.661    1.000    1.000    1.000
  72     -0.426     -0.929    1    1   0.614    1.000    1.000    1.000
  73     -0.432     -0.928    1    1   0.567    1.000    1.000    1.000
  74     -0.438     -0.927    1    1   0.520    1.000    1.000    1.000
  75     -0.444     -0.926    1    1   0.472    1.000    1.000    1.000
  76     -0.450     -0.925    1    1   0.425    1.000    1.000    1.000
  77     -0.456     -0.924    1    1   0.378    1.000    1.000    1.000
  78     -0.462     -0.923    1    1   0.331    1.000    1.000    1.000
  79     -0.468     -0.922    1    1   0.283    1.000    1.000    1.000
  80     -0.474     -0.921    1    1   0.236    1.000    1.000    1.000
  81     -0.480     -0.920    1    1   0.189    1.000    1.000    1.000
  82     -0.486     -0.919    1    1   0.142    1.000    1.000    1.000
  83     -0.492     -0.918    1    1   0.094    1.000    1.000    1.000
  84     -0.498     -0.917    1    1   0.047    1.000    1.000    1.000
  85     -0.504     -0.916    1    1   0.000    1.000    1.000    1.000
  86     -0.510     -0.915    1    1   0.000    1.000    1.000    1.000
  87     -0.516     -0.914    1    1   0.000    1.000    1.000    1.000
  88     -0.522     -0.913    1    1   0.000    1.000    1.000    1.000
  89     -0.528     -0.912    1    1   0.000    1.000    1.000    1.000
  90     -0.534     -0.911    1    1   0.000    1.000    1.000    1.000
  91     -0.540     -0.910    1    1   0.000    1.000    1.000    1.000
  92     -0.546     -0.909    1    1   0.000    1.000    1.000    1.000
  93     -0.552     -0.908    1    1   0.000    1.000    1.000    1.000
  94     -0.558     -0.907    1    1   0.000    1.000    1.000    1.000
  95     -0.564     -0.906    1    1   0.000    1.000    1.000    1.000
  96     -0.570     -0.905    1    1   0.000    1.000    1.000    1.000
  97     -0.576     -0.904    1    1   0.000    1.000    1.000    1.000
  98     -0.582     -0.903    1    1   0.000    1.000    1.000    1.000
  99     -0.588     -0.902    1    1   0.000    1.000    1.000    1.000
 100     -0.594     -0.901    1    1   0.000    1.000    1.000    1.000
 101     -0.600     -0.900    1    1   0.000    1.000    1.000    1.000
 102     -0.606     -0.899    1    1   0.000    1.000    1.000    1.000
 103     -0.612     -0.898    1    1   0.000    1.000    1.000    1.000
 104     -0.618     -0.897    1    1   0.000    1.000    1.000    1.000
 105     -0.624     -0.896    1    1   0.000    1.000    1.000    1.000
 106     -0.630     -0.895    1    1   0.000    1.000    1.000    1.000
 107     -0.636     -0.894    1    1   0.000    1.000    1.000    1.000
 108     -0.642     -0.893    1    1   0.000    1.000    1.000    1.000
 109     -0.648     -0.892    1    1   0.000    1.000    1.000    1.000
 110     -0.654     -0.891    1    1   0.000    1.000    1.000    1.000
 111     -0.660     -0.890    1    1   0.000    1.000    1.000    1.000
 112     -0.666     -0.889    1    1   0.000    1.000    1.000    1.000
 113     -0.672     -0.888    1    1   0.000    1.000    1.000    1.000
 114     -0.678     -0.887    1    1   0.000    1.000    1.000    1.000
 115     -0.684     -0.886    1    1   0.000    1.000    1.000    1.000
 116     -0.690     -0.885    1    1   0.000    1.000    1.000    1.000
 117     -0.696     -0.884    1    1   0.000    1.000    1.000    1.000
 118     -0.702     -0.883    1    1   0.000    1.000    1.000    1.000
 119     -0.708     -0.882    1    1   0.000    1.000    1.000    1.000
 120     -0.714     -0.881    1    1   0.000    1.000    1.000    1.000
 121     -0.720     -0.880    1    1   0.000    1.000    1.000    1.000
 122     -0.726     -0.879    1    1   0.000    1.000    1.000    1.000
 123     -0.732     -0.878    1    1   0.000    1.000    1.000    1.000
 124     -0.738     -0.877    1    1   0.000    1.000    1.000    1.000
 125     -0.744     -0.876    1    1   0.000    1.000    1.000    1.000
 126     -0.750     -0.875    1    1   0.000    1.000    1.000    1.000
 127     -0.756     -0.874    1    1   0.000    1.000    1.000    1.000
 128     -0.762     -0.873    1    1   0.000    1.000    1.000    1.000
 129     -0.768     -0.872    1    1   0.000    1.000    1.000    1.000
 130     -0.774     -0.871    1    1   0.000    1.000    1.000    1.000
 131     -0.780     -0.870    1    1   0.000    1.000    1.000    1.000
 132     -0.786     -0.869    1    1   0.000    1.000    1.000    1.000
 133     -0.792     -0.868    1    1   0.000    1.000    1.000    1.000
 134     -0.798     -0.867    1    1   0.000    1.000    1.000    1.000
 135     -0.804     -0.866    1    1   0.000    1.000    1.000    1.000
 136     -0.810     -0.865    1    1   0.000    1.000    1.000    1.000
 137     -0.816     -0.864    1    1   0.000    1.000    1.000    1.000
 138     -0.822     -0.863    1    1   0.000    1.000    1.000    1.000
 139     -0.828     -0.862    1    1   0.000    1.000    1.000    1.000
 140     -0.834     -0.861    1    1   0.000    1.000    1.000    1.000
 141     -0.840     -0.860    1    1   0.000    1.000    1.000    1.000
 142     -0.846     -0.859    1    1   0.000    1.000    1.000    1.000
 143     -0.852     -0.858    1    1   0.000    1.000    1.000    1.000
 144     -0.858     -0.857    1    1   0.000    1.000    1.000    1.000
 145     -0.864     -0.856    1    1   0.000    1.000    1.000    1.000
 146     -0.870     -0.855    1    1   0.000    1.000    1.000    1.000
 147     -0.876     -0.854    1    1   0.000    1.000    1.000    1.000
 148     -0.882     -0.853    1    1   0.000    1.000    1.000    1.000
 149     -0.888     -0.852    1    1   0.000    1.000    1.000    1.000
 150     -0.894     -0.851    1    1   0.000    1.000    1.000    1.000
 151     -0.900     -0.850    1    1   0.000    1.000    1.000    1.000
 152     -0.906     -0.849    1    1   0.000    1.000    1.000    1.000
 153     -0.912     -0.848    1    1   0.000    1.000    1.000    1.000
 154     -0.918     -0.847    1    1   0.000    1.000    1.000    1.000
 155     -0.924     -0.846    1    1   0.000    1.000    1.000    1.000
 156     -0.930     -0.845    1    1   0.000    1.000    1.000    1.000
 157     -0.936     -0.844    1    1   0.000    1.000    1.000    1.000
 158     -0.942     -0.843    1    1   0.000    1.000    1.000    1.000
 159     -0.948     -0.842    1    1   0.000    1.000    1.000    1.000
 160     -0.954     -0.841    1    1   0.000    1.000    1.000    1.000
 161     -0.960     -0.840    1    1   0.000    1.000    1.000    1.000
 162     -0.966     -0.839    1    1   0.000    1.000    1.000    1.000
 163     -0.972     -0.838    1    1   0.000    1.000    1.000    1.000
 164     -0.978     -0.837    1    1   0.000    1.000    1.000    1.000
 165     -0.984     -0.836    1    1   0.000    1.000    1.000    1.000
 166     -0.990     -0.835    1    1   0.000    1.000    1.000    1.000
 167     -0.996     -0.834    1    1   0.000    1.000    1.000    1.000
 168     -1.002     -0.833    1    1   0.000    1.000    1.000    1.000
 169     -1.008     -0.832    1    1   0.000    1.000    1.000    1.000
 170     -1.014     -0.831    1    1   0.000    1.000    1.000    1.000
 171     -1.020     -0.830    1    1   0.000    1.000    1.000    1.000
 172     -1.026     -0.829    1    1   0.000    1.000    1.000    1.000
 173     -1.032     -0.828    1    1   0.000    1.000    1.000    1.000
 174     -1.038     -0.827    1    1   0.000    1.000    1.000    1.000
 175     -1.044     -0.826    1    1   0.000    1.000    1.000    1.000
 176     -1.050     -0.825    1    1   0.000    1.000    1.000    1.000
 177     -1.056     -0.824    1    1   0.000    1.000    1.000    1.000
 178     -1.062     -0.823    1    1   0.000    1.000    1.000    1.000
 179     -1.068     -0.822    1    1   0.000    1.000    1.000    1.000
 180     -1.074     -0.821    1    1   0.000    1.000    1.000    1.000
 181     -1.080     -0.820    1    1   0.000    1.000    1.000    1.000
 182     -1.086     -0.819    1    1   0.000    1.000    1.000    1.000
 183     -1.092     -0.818    1    1   0.000    1.000    1.000    1.000
 184     -1.098     -0.817    1    1   0.000    1.000    1.000    1.000
 185     -1.104     -0.816    1    1   0.000    1.000    1.000    1.000
 186     -1.110     -0.815    1    1   0.000    1.000    1.000    1.000
 187     -1.116     -0.814    1    1   0.000    1.000    1.000    1.000
 188     -1.122     -0.813    1    1   0.000    1.000    1.000    1.000
 189     -1.128     -0.812    1    1   0.000    1.000    1.000    1.000
 190     -1.134     -0.811    1    1   0.000    1.000    1.000    1.000
 191     -1.140     -0.810    1    1   0.000    1.000    1.000    1.000
 192     -1.146     -0.809    1    1   0.000    1.000    1.000    1.000
 193     -1.152     -0.808    1    1   0.000    1.000    1.000    1.000
 194     -1.158     -0.807    1    1   0.000    1.000    1.000    1.000
 195     -1.164     -0.806    1    1   0.000    1.000    1.000    1.000
 196     -1.170     -0.805    1    1   0.000    1.000    1.000    1.000
 197     -1.176     -0.804    1    1   0.000    1.000    1.000    1.000
 198     -1.182     -0.803    1    1   0.000    1.000    1.000    1.000
 199     -1.188     -0.802    1    1   0.000    1.000    1.000    1.000
 200     -1.194     -0.801    1    1   0.000    1.000    1.000    1.000
 201     -1.200     -0.800    1    1   0.000    1.000    1.000    1.000
 202     -1.206     -0.799    1    1   0.000    1.000    1.000    1.000
 203     -1.212     -0.798    1    1   0.000    1.000    1.000    1.000
 204     -1.218     -0.797    1    1   0.000    1.000    1.000    1.000
 205     -1.224     -0.796    1    1   0.000    1.000    1.000    1.000
 206     -1.230     -0.795    1    1   0.000    1.000    1.000    1.000
 207     -1.236     -0.794    1    1   0.000    1.000    1.000    1.000
 208     -1.242     -0.793    1    1   0.000    1.000    1.000    1.000
 209     -1.248     -0.792    1    1   0.000    1.000    1.000    1.000
 210     -1.254     -0.791    1    1   0.000    1.000    1.000    1.000
 211     -1.260     -0.790    1    1   0.000    1.000    1.000    1.000
 212     -1.266     -0.789    1    1   0.000    1.000    1.000    1.000
 213     -1.272     -0.788    1    1   0.000    1.000    1.000    1.000
 214     -1.278     -0.787    1    1   0.000    1.000    1.000    1.000
 215     -1.284     -0.786    1    1   0.000    1.000    1.000    1.000
 216     -1.290     -0.785    1    1   0.000    1.000    1.000    1.000
 217     -1.296     -0.784    1    1   0.000    1.000    1.000    1.000
 218     -1.302     -0.783    1    1   0.000    1.000    1.000    1.000
 219     -1.308     -0.782    1    1   0.000    1.000    1.000    1.000
 220     -1.314     -0.781    1    1   0.000    1.000    1.000    1.000
 221     -1.320     -0.780    1    1   0.000    1.000    1.000    1.000
 222     -1.326     -0.779    1    1   0.000    1.000    1.000    1.000
 223     -1.332     -0.778    1    1   0.000    1.000    1.000    1.000
 224     -1.338     -0.777    1    1   0.000    1.000    1.000    1.000
 225     -1.344     -0.776    1    1   0.000    1.000    1.000    1.000
 226     -1.350     -0.775    1    1   0.000    1.000    1.000    1.000
 227     -1.356     -0.774    1    1   0.000    1.000    1.000    1.000
 228     -1.362     -0.773    1    1   0.000    1.000    1.000    1.000
 229     -1.368     -0.772    1    1   0.000    1.000    1.000    1.000
 230     -1.374     -0.771    1    1   0.000    1.000    1.000    1.000
 231     -1.380     -0.770    1    1   0.000    1.000    1.000    1.000
 232     -1.386     -0.769    1    1   0.000    1.000    1.000    1.000
 233     -1.392     -0.768    1    1   0.000    1.000    1.000    1.000
 234     -1.398     -0.767    1    1   0.000    1.000    1.000    1.000
 235     -1.404     -0.766    1    1   0.000    1.000    1.000    1.000
 236     -1.410     -0.765    1    1   0.000    1.000    1.000    1.000
 237     -1.416     -0.764    1    1   0.000    1.000    1.000    1.000
 238     -1.422     -0.763    1    1   0.000    1.000    1.000    1.000
 239     -1.428     -0.762    1    1   0.000    1.000    1.000    1.000
 240     -1.434     -0.761    1    1   0.000    1.000    1.000    1.000
 241     -1.440     -0.760    1    1   0.000    1.000    1.000    1.000
 242     -1.446     -0.759    1    1   0.000    1.000    1.000    1.000
 243     -1.452     -0.758    1    1   0.000    1.000    1.000    1.000
 244     -1.458     -0.757    1    1   0.000    1.000    1.000    1.000
 245     -1.464     -0.756    1    1   0.000    1.000    1.000    1.000
 246     -1.470     -0.755    1    1   0.000    1.000    1.000    1.000
 247     -1.476     -0.754    1    1   0.000    1.000    1.000    1.000
 248     -1.482     -0.753    1    1   0.000    1.000    1.000    1.000
 249     -1.488     -0.752    1    1   0.000    1.000    1.000    1.000
 250     -1.494     -0.751    1    1   0.000    1.000    1.000    1.000
 251     -1.500     -0.750    1    1   0.000    1.000    1.000    1.000
 252     -1.506     -0.749    1    1   0.000    1.000    1.000    1.000
 253     -1.512     -0.748    1    1   0.000    1.000    1.000    1.000
 254     -1.518     -0.747    1    1   0.000    1.000    1.000    1.000
 255     -1.524     -0.746    1    1   0.000    1.000    1.000    1.000
 256     -1.530     -0.745    1    1   0.000    1.000    1.000    1.000
 257     -1.536     -0.744    1    1   0.000    1.000    1.000    1.000
 258     -1.542     -0.743    1    1   0.000    1.000    1.000    1.000
 259     -1.548     -0.742    1    1   0.000    1.000    1.000    1.000
 260     -1.554     -0.741    1    1   0.000    1.000    1.000    1.000
 261     -1.560     -0.740    1    1   0.000    1.000    1.000    1.000
 262     -1.566     -0.739    1    1   0.000    1.000    1.000    1.000
 263     -1.572     -0.738    1    1   0.000    1.000    1.000    1.000
 264     -1.578     -0.737    1    1   0.000    1.000    1.000    1.000
 265     -1.584     -0.736    1    1   0.000    1.000    1.000    1.000
 266     -1.590     -0.735    1    1   0.000    1.000    1.000    1.000
 267     -1.596     -0.734    1    1   0.000    1.000    1.000    1.000
 268     -1.602     -0.733    1    1   0.000    1.000    1.000    1.000
 269     -1.608     -0.732    1    1   0.000    1.000    1.000    1.000
 270     -1.614     -0.731    1    1   0.000    1.000    1.000    1.000
 271     -1.620     -0.730    1    1   0.000    1.000    1.000    1.000
 272     -1.626     -0.729    1    1   0.000    1.000    1.000    1.000
 273     -1.632     -0.728    1    1   0.000    1.000    1.000    1.000
 274     -1.638     -0.727    1    1   0.000    1.000    1.000    1.000
 275     -1.644     -0.726    1    1   0.000    1.000    1.000    1.000
 276     -1.650     -0.725    1    1   0.000    1.000    1.000    1.000
 277     -1.656     -0.724    1    1   0.000    1.000    1.000    1.000
 278     -1.662     -0.723    1    1   0.000    1.000    1.000    1.000
 279     -1.668     -0.722    1    1   0.000    1.000    1.000    1.000
 280     -1.674     -0.721    1    1   0.000    1.000    1.000    1.000
 281     -1.680     -0.720    1    1   0.000    1.000    1.000    1.000
 282     -1.686     -0.719    1    1   0.000    1.000    1.000    1.000
 283     -1.692     -0.718    1    1   0.000    1.000    1.000    1.000
 284     -1.698     -0.717    1    1   0.000    1.000    1.000    1.000
 285     -1.704     -0.716    1    1   0.000    1.000    1.000    1.000
 286     -1.710     -0.715    1    1   0.000    1.000    1.000    1.000
 287     -1.716     -0.714    1    1   0.000    1.000    1.000    1.000
 288     -1.722     -0.713    1    1   0.000    1.000    1.000    1.000
 289     -1.728     -0.712    1    1   0.000    1.000    1.000    1.000
 290     -1.734     -0.711    1    1   0.000    1.000    1.000    1.000
 291     -1.740     -0.710    1    1   0.000    1.000    1.000    1.000
 292     -1.746     -0.709    1    1   0.000    1.000    1.000    1.000
 293     -1.752     -0.708    1    1   0.000    1.000    1.000    1.000
 294     -1.758     -0.707    1    1   0.000    1.000    1.000    1.000
 295     -1.764     -0.706    1    1   0.000    1.000    1.000    1.000
 296     -1.770     -0.705    1    1   0.000    1.000    1.000    1.000
 297     -1.776     -0.704    1    1   0.000    1.000    1.000    1.000
 298     -1.782     -0.703    1    1   0.000    1.000    1.000    1.000
 299     -1.788     -0.702    1    1   0.000    1.000    1.000    1.000
 300     -1.794     -0.701    1    1   0.000    1.000    1.000    1.000
 301     -1.800     -0.700    1    1   0.000    1.000    1.000    1.000
 302     -1.806     -0.699    1    1   0.000    1.000    1.000    1.000
 303     -1.812     -0.698    1    1   0.000    1.000    1.000    1.000
 304     -1.818     -0.697    1    1   0.000    1.000    1.000    1.000
 305     -1.824     -0.696    1    1   0.000    1.000    1.000    1.000
 306     -1.830     -0.695    1    1   0.000    1.000    1.000    1.000
 307     -1.836     -0.694    1    1   0.000    1.000    1.000    1.000
 308     -1.842     -0.693    1    1   0.000    1.000    1.000    1.000
 309     -1.848     -0.692    1    1   0.000    1.000    1.000    1.000
 310     -1.854     -0.691    1    1   0.000    1.000    1.000    1.000
 311     -1.860     -0.690    1    1   0.000    1.000    1.000    1.000
 312     -1.866     -0.689    1    1   0.000    1.000    1.000    1.000
 313     -1.872     -0.688    1    1   0.000    1.000    1.000    1.000
 314     -1.878     -0.687    1    1   0.000    1.000    1.000    1.000
 315     -1.884     -0.686    1    1   0.000    1.000    1.000    1.000
 316     -1.890     -0.685    1    1   0.000    1.000    1.000    1.000
 317     -1.896     -0.684    1    1   0.000    1.000    1.000    1.000
 318     -1.902     -0.683    1    1   0.000    1.000    1.000    1.000
 319     -1.908     -0.682    1    1   0.000    1.000    1.000    1.000
 320     -1.914     -0.681    1    1   0.000    1.000    1.000    1.000
 321     -1.920     -0.680    1    1   0.000    1.000    1.000    1.000
 322     -1.926     -0.679    1    1   0.000    1.000    1.000    1.000
 323     -1.932     -0.678    1    1   0.000    1.000    1.000    1.000
 324     -1.938     -0.677    1    1   0.000    1.000    1.000    1.000
 325     -1.944     -0.676    1    1   0.000    1.000    1.000    1.000
 326     -1.950     -0.675    1    1   0.000    1.000    1.000    1.000
 327     -1.956     -0.674    1    1   0.000    1.000    1.000    1.000
 328     -1.962     -0.673    1    1   0.000    1.000    1.000    1.000
 329     -1.968     -0.672    1    1   0.000    1.000    1.000    1.000
 330     -1.974     -0.671    1    1   0.000    1.000    1.000    1.000
 331     -1.980     -0.670    1    1   0.000    1.000    1.000    1.000
 332     -1.986     -0.669    1    1   0.000    1.000    1.000    1.000
 333     -1.992     -0.668    1    1   0.000    1.000    1.000    1.000
 334     -1.998     -0.667    1    1   0.000    1.000    1.000    1.000
 335     -2.004     -0.666    1    1   0.000    1.000    1.000    1.000
 336     -2.010     -0.665    1    1   0.000    1.000    1.000    1.000
 337     -2.016     -0.664    1    1   0.000    1.000    1.000    1.000
 338     -2.022     -0.663    1    1   0.000    1.000    1.000    1.000
 339     -2.028     -0.662    1    1   0.000    1.000    1.000    1.000
 340     -2.034     -0.661    1    1   0.000    1.000    1.000    1.000
 341     -2.040     -0.660    1    1   0.000    1.000    1.000    1.000
 342     -2.046     -0.659    1    1   0.000    1.000    1.000    1.000
 343     -2.052     -0.658    1    1   0.000    1.000    1.000    1.000
 344     -2.058     -0.657    1    1   0.000    1.000    1.000    1.000
 345     -2.064     -0.656    1    1   0.000    1.000    1.000    1.000
 346     -2.070     -0.655    1    1   0.000    1.000    1.000    1.000
 347     -2.076     -0.654    1    1   0.000    1.000    1.000    1.000
 348     -2.082     -0.653    1    1   0.000    1.000    1.000    1.000
 349     -2.088     -0.652    1    1   0.000    1.000    1.000    1.000
 350     -2.094     -0.651    1    1   0.000    1.000    1.000    1.000
 351     -2.100     -0.650    1    1   0.000    1.000    1.000    1.000
 352     -2.106     -0.649    1    1   0.000    1.000    1.000    1.000
 353     -2.112     -0.648    1    1   0.000    1.000    1.000    1.000
 354     -2.118     -0.647    1    1   0.000    1.000    1.000    1.000
 355     -2.124     -0.646    1    1   0.000    1.000    1.000    1.000
 356     -2.130     -0.645    1    1   0.000    1.000    1.000    1.000
 357     -2.136     -0.644    1    1   0.000    1.000    1.000    1.000
 358     -2.142     -0.643    1    1   0.000    1.000    1.000    1.000
 359     -2.148     -0.642    1    1   0.000    1.000    1.000    1.000
 360     -2.154     -0.641    1    1   0.000    1.000    1.000    1.000
 361     -2.160     -0.640    1    1   0.000    1.000    1.000    1.000
 362     -2.166     -0.639    1    1   0.000    1.000    1.000    1.000
 363     -2.172     -0.638    1    1   0.000    1.000    1.000    1.000
 364     -2.178     -0.637    1    1   0.000    1.000    1.000    1.000
 365     -2.184     -0.636    1    1   0.000    1.000    1.000    1.000
 366     -2.190     -0.635    1    1   0.000    1.000    1.000    1.000
 367     -2.196     -0.634    1    1   0.000    1.000    1.000    1.000
 368     -2.202     -0.633    1    1   0.000    1.000    1.000    1.000
 369     -2.208     -0.632    1    1   0.000    1.000    1.000    1.000
 370     -2.214     -0.631    1    1   0.000    1.000    1.000    1.000
 371     -2.220     -0.630    1    1   0.000    1.000    1.000    1.000
 372     -2.226     -0.629    1    1   0.000    1.000    1.000    1.000
 373     -2.232     -0.628    1    1   0.000    1.000    1.000    1.000
 374     -2.238     -0.627    1    1   0.000    1.000    1.000    1.000
 375     -2.244     -0.626    1    1   0.000    1.000    1.000    1.000
 376     -2.250     -0.625    1    1   0.000    1.000    1.000    1.000
 377     -2.256     -0.624    1    1   0.000    1.000    1.000    1.000
 378     -2.262     -0.623    1    1   0.000    1.000    1.000    1.000
 379     -2.268     -0.622    1    1   0.000    1.000    1.000    1.000
 380     -2.274     -0.621    1    1   0.000    1.000    1.000    1.000
 381     -2.280     -0.620    1    1   0.000    1.000    1.000    1.000
 382     -2.286     -0.619    1    1   0.000    1.000    1.000    1.000
 383     -2.292     -0.618    1    1   0.000    1.000    1.000    1.000
 384     -2.298     -0.617    1    1   0.000    1.000    1.000    1.000
 385     -2.304     -0.616    1    1   0.000    1.000    1.000    1.000
 386     -2.310     -0.615    1    1   0.000    1.000    1.000    1.000
 387     -2.316     -0.614    1    1   0.000    1.000    1.000    1.000
 388     -2.322     -0.613    1    1   0.000    1.000    1.000    1.000
 389     -2.328     -0.612    1    1   0.000    1.000    1.000    1.000
 390     -2.334     -0.611    1    1   0.000    1.000    1.000    1.000
 391     -2.340     -0.610    1    1   0.000    1.000    1.000    1.000
 392     -2.346     -0.609    1    1   0.000    1.000    1.000    1.000
 393     -2.352     -0.608    1    1   0.000    1.000    1.000    1.000
 394     -2.358     -0.607    1    1   0.000    1.000    1.000    1.000
 395     -2.364     -0.606    1    1   0.000    1.000    1.000    1.000
 396     -2.370     -0.605    1    1   0.000    1.000    1.000    1.000
 397     -2.376     -0.604    1    1   0.000    1.000    1.000    1.000
 398     -2.382     -0.603    1    1   0.000    1.000    1.000    1.000
 399     -2.388     -0.602    1    1   0.000    1.000    1.000    1.000
 400     -2.394     -0.601    1    1   0.000    1.000    1.000    1.000
 401     -2.400     -0.600    1    1   0.000    1.000    1.000    1.000
 402     -2.406     -0.599    1    1   0.000    1.000    1.000    1.000
 403     -2.412     -0.598    1    1   0.000    1.000    1.000    1.000
 404     -2.418     -0.597    1    1   0.000    1.000    1.000    1.000
 405     -2.424     -0.596    1    1   0.000    1.000    1.000    1.000
 406     -2.430     -0.595    1    1   0.000    1.000    1.000    1.000
 407     -2.436     -0.594    1    1   0.000    1.000    1.000    1.000
 408     -2.442     -0.593    1    1   0.000    1.000    1.000    1.000
 409     -2.448     -0.592    1    1   0.000    1.000    1.000    1.000
 410     -2.454     -0.591    1    1   0.000    1.000    1.000    1.000
 411     -2.460     -0.590    1    1   0.000    1.000    1.000    1.000
 412     -2.466     -0.589    1    1   0.000    1.000    1.000    1.000
 413     -2.472     -0.588    1    1   0.000    1.000    1.000    1.000
 414     -2.478     -0.587    1    1   0.000    1.000    1.000    1.000
 415     -2.484     -0.586    1    1   0.000    1.000    1.000    1.000
 416     -2.490     -0.585    1    1   0.000    1.000    1.000    1.000
 417     -2.496     -0.584    1    1   0.000    1.000    1.000    1.000
 418     -2.502     -0.583    1    1   0.000    1.000    1.000    1.000
 419     -2.508     -0.582    1    1   0.000    1.000    1.000    1.000
 420     -2.514     -0.581    1    1   0.000    1.000    1.000    1.000
 421     -2.520     -0.580    1    1   0.000    1.000    1.000    1.000
 422     -2.526     -0.579    1    1   0.000    1.000    1.000    1.000
 423     -2.532     -0.578    1    1   0.000    1.000    1.000    1.000
 424     -2.538     -0.577    1    1   0.000    1.000    1.000    1.000
 425     -2.544     -0.576    1    1   0.000    1.000    1.000    1.000
 426     -2.550     -0.575    1    1   0.000    1.000    1.000    1.000
 427     -2.556     -0.574    1    1   0.000    1.000    1.000    1.000
 428     -2.562     -0.573    1    1   0.000    1.000    1.000    1.000
 429     -2.568     -0.572    1    1   0.000    1.000    1.000    1.000
 430     -2.574     -0.571    1    1   0.000    1.000    1.000    1.000
 431     -2.580     -0.570    1    1   0.000    1.000    1.000    1.000
 432     -2.586     -0.569    1    1   0.000    1.000    1.000    1.000
 433     -2.592     -0.568    1    1   0.000    1.000    1.000    1.000
 434     -2.598     -0.567    1    1   0.000    1.000    1.000    1.000
 435     -2.604     -0.566    1    1   0.000    1.000    1.000    1.000
 436     -2.610     -0.565    1    1   0.000    1.000    1.000    1.000
 437     -2.616     -0.564    1    1   0.000    1.000    1.000    1.000
 438     -2.622     -0.563    1    1   0.000    1.000    1.000    1.000
 439     -2.628     -0.562    1    1   0.000    1.000    1.000    1.000
 440     -2.634     -0.561    1    1   0.000    1.000    1.000    1.000
 441     -2.640     -0.560    1    1   0.000    1.000    1.000    1.000
 442     -2.646     -0.559    1    1   0.000    1.000    1.000    1.000
 443     -2.652     -0.558    1    1   0.000    1.000    1.000    1.000
 444     -2.658     -0.557    1    1   0.000    1.000    1.000    1.000
 445     -2.664     -0.556    1    1   0.000    1.000    1.000    1.000
 446     -2.670     -0.555    1    1   0.000    1.000    1.000    1.000
 447     -2.676     -0.554    1    1   0.000    1.000    1.000    1.000
 448     -2.682     -0.553    1    1   0.000    1.000    1.000    1.000
 449     -2.688     -0.552    1    1   0.000    1.000    1.000    1.000
 450     -2.694     -0.551    1    1   0.000    1.000    1.000    1.000
 451     -2.700     -0.550    1    1   0.000    1.000    1.000    1.000
 452     -2.706     -0.549    1    1   0.000    1.000    1.000    1.000
 453     -2.712     -0.548    1    1   0.000    1.000    1.000    1.000
 454     -2.718     -0.547    1    1   0.000    1.000    1.000    1.000
 455     -2.724     -0.546    1    1   0.000    1.000    1.000    1.000
 456     -2.730     -0.545    1    1   0.000    1.000    1.000    1.000
 457     -2.736     -0.544    1    1   0.000    1.000    1.000    1.000
 458     -2.742     -0.543    1    1   0.000    1.000    1.000    1.000
 459     -2.748     -0.542    1    1   0.000    1.000    1.000    1.000
 460     -2.754     -0.541    1    1   0.000    1.000    1.000    1.000
 461     -2.760     -0.540    1    1   0.000    1.000    1.000    1.000
 462     -2.766     -0.539    1    1   0.000    1.000    1.000    1.000
 463     -2.772     -0.538    1    1   0.000    1.000    1.000    1.000
 464     -2.778     -0.537    1    1   0.000    1.000    1.000    1.000
 465     -2.784     -0.536    1    1   0.000    1.000    1.000    1.000
 466     -2.790     -0.535    1    1   0.000    1.000    1.000    1.000
 467     -2.796     -0.534    1    1   0.000    1.000    1.000    1.000
 468     -2.802     -0.533    1    1   0.000    1.000    1.000    1.000
 469     -2.808     -0.532    1    1   0.000    1.000    1.000    1.000
 470     -2.814     -0.531    1    1   0.000    1.000    1.000    1.000
 471     -2.820     -0.530    1    1   0.000    1.000    1.000    1.000
 472     -2.826     -0.529    1    1   0.000    1.000    1.000    1.000
 473     -2.832     -0.528    1    1   0.000    1.000    1.000    1.000
 474     -2.838     -0.527    1    1   0.000    1.000    1.000    1.000
 475     -2.844     -0.526    1    1   0.000    1.000    1.000    1.000
 476     -2.850     -0.525    1    1   0.000    1.000    1.000    1.000
 477     -2.856     -0.524    1    1   0.000    1.000    1.000    1.000
 478     -2.862     -0.523    1    1   0.000    1.000    1.000    1.000
 479     -2.868     -0.522    1    1   0.000    1.000    1.000    1.000
 480     -2.874     -0.521    1    1   0.000    1.000    1.000    1.000
 481     -2.880     -0.520    1    1   0.000    1.000    1.000    1.000
 482     -2.886     -0.519    1    1   0.000    1.000    1.000    1.000
 483     -2.892     -0.518    1    1   0.000    1.000    1.000    1.000
 484     -2.898     -0.517    1    1   0.000    1.000    1.000    1.000
 485     -2.904     -0.516    1    1   0.000    1.000    1.000    1.000
 486     -2.910     -0.515    1    1   0.000    1.000    1.000    1.000
 487     -2.916     -0.514    1    1   0.000    1.000    1.000    1.000
 488     -2.922     -0.513    1    1   0.000    1.000    1.000    1.000
 489     -2.928     -0.512    1    1   0.000    1.000    1.000    1.000
 490     -2.934     -0.511    1    1   0.000    1.000    1.000    1.000
 491     -2.940     -0.510    1    1   0.000    1.000    1.000    1.000
 492     -2.946     -0.509    1    1   0.000    1.000    1.000    1.000
 493     -2.952     -0.508    1    1   0.000    1.000    1.000    1.000
 494     -2.958     -0.507    1    1   0.000    1.000    1.000    1.000
 495     -2.964     -0.506    1    1   0.000    1.000    1.000    1.000
 496     -2.970     -0.505    1    1   0.000    1.000    1.000    1.000
 497     -2.976     -0.504    1    1   0.000    1.000    1.000    1.000
 498     -2.982     -0.503    1    1   0.000    1.000    1.000    1.000
 499     -2.988     -0.502    1    1   0.000    1.000    1.000    1.000
 500     -2.994     -0.501    1    1   0.000    1.000    1.000    1.000
 501     -3.000     -0.500    1    1   0.000    1.000    1.000    1.000
 502     -3.006     -0.499    1    1   0.000    1.000    1.000    1.000
 503     -3.012     -0.498    1    1   0.000    1.000    1.000    1.000
 504     -3.018     -0.497    1    1   0.000    1.000    1.000    1.000
 505     -3.024     -0.496    1    1   0.000    1.000    1.000    1.000
 506     -3.030     -0.495    1    1   0.000    1.000    1.000    1.000
 507     -3.036     -0.494    1    1   0.000    1.000    1.000    1.000
 508     -3.042     -0.493    1    1   0.000    1.000    1.000    1.000
 509     -3.048     -0.492    1    1   0.000    1.000    1.000    1.000
 510     -3.054     -0.491    1    1   0.000    1.000    1.000    1.000
 511     -3.060     -0.490    1    1   0.000    1.000    1.000    1.000
 512     -3.066     -0.489    1    1   0.000    1.000    1.000    1.000
 513     -3.072     -0.488    1    1   0.000    1.000    1.000    1.000
 514     -3.078     -0.487    1    1   0.000    1.000    1.000    1.000
 515     -3.084     -0.486    1    1   0.000    1.000    1.000    1.000
 516     -3.090     -0.485    1    1   0.000    1.000    1.000    1.000
 517     -3.096     -0.484    1    1   0.000    1.000    1.000    1.000
 518     -3.102     -0.483    1    1   0.000    1.000    1.000    1.000
 519     -3.108     -0.482    1    1   0.000    1.000    1.000    1.000
 520     -3.114     -0.481    1    1   0.000    1.000    1.000    1.000
 521     -3.120     -0.480    1    1   0.000    1.000    1.000    1.000
 522     -3.126     -0.479    1    1   0.000    1.000    1.000    1.000
 523     -3.132     -0.478    1    1   0.000    1.000    1.000    1.000
 524     -3.138     -0.477    1    1   0.000    1.000    1.000    1.000
 525     -3.144     -0.476    1    1   0.000    1.000    1.000    1.000
 526     -3.150     -0.475    1    1   0.000    1.000    1.000    1.000
 527     -3.156     -0.474    1    1   0.000    1.000    1.000    1.000
 528     -3.162     -0.473    1    1   0.000    1.000    1.000    1.000
 529     -3.168     -0.472    1    1   0.000    1.000    1.000    1.000
 530     -3.174     -0.471    1    1   0.000    1.000    1.000    1.000
 531     -3.180     -0.470    1    1   0.000    1.000    1.000    1.000
 532     -3.186     -0.469    1    1   0.000    1.000    1.000    1.000
 533     -3.192     -0.468    1    1   0.000    1.000    1.000    1.000
 534     -3.198     -0.467    1    1   0.000    1.000    1.000    1.000
 535     -3.204     -0.466    1    1   0.000    1.000    1.000    1.000
 536     -3.210     -0.465    1    1   0.000    1.000    1.000    1.000
 537     -3.216     -0.464    1    1   0.000    1.000    1.000    1.000
 538     -3.222     -0.463    1    1   0.000    1.000    1.000    1.000
 539     -3.228     -0.462    1    1   0.000    1.000    1.000    1.000
 540     -3.234     -0.461    1    1   0.000    1.000    1.000    1.000
 541     -3.240     -0.460    1    1   0.000    1.000    1.000    1.000
 542     -3.246     -0.459    1    1   0.000    1.000    1.000    1.000
 543     -3.252     -0.458    1    1   0.000    1.000    1.000    1.000
 544     -3.258     -0.457    1    1   0.000    1.000    1.000    1.000
 545     -3.264     -0.456    1    1   0.000    1.000    1.000    1.000
 546     -3.270     -0.455    1    1   0.000    1.000    1.000    1.000
 547     -3.276     -0.454    1    1   0.000    1.000    1.000    1.000
 548     -3.282     -0.453    1    1   0.000    1.000    1.000    1.000
 549     -3.288     -0.452    1    1   0.000    1.000    1.000    1.000
 550     -3.294     -0.451    1    1   0.000    1.000    1.000    1.000
 551     -3.300     -0.450    1    1   0.000    1.000    1.000    1.000
 552     -3.306     -0.449    1    1   0.000    1.000    1.000    1.000
 553     -3.312     -0.448    1    1   0.000    1.000    1.000    1.000
 554     -3.318     -0.447    1    1   0.000    1.000    1.000    1.000
 555     -3.324     -0.446    1    1   0.000    1.000    1.000    1.000
 556     -3.330     -0.445    1    1   0.000    1.000    1.000    1.000
 557     -3.336     -0.444    1    1   0.000    1.000    1.000    1.000
 558     -3.342     -0.443    1    1   0.000    1.000    1.000    1.000
 559     -3.348     -0.442    1    1   0.000    1.000    1.000    1.000
 560     -3.354     -0.441    1    1   0.000    1.000    1.000    1.000
 561     -3.360     -0.440    1    1   0.000    1.000    1.000    1.000
 562     -3.366     -0.439    1    1   0.000    1.000    1.000    1.000
 563     -3.372     -0.438    1    1   0.000    1.000    1.000    1.000
 564     -3.378     -0.437    1    1   0.000    1.000    1.000    1.000
 565     -3.384     -0.436    1    1   0.000    1.000    1.000    1.000
 566     -3.390     -0.435    1    1   0.000    1.000    1.000    1.000
 567     -3.396     -0.434    1    1   0.000    1.000    1.000    1.000
 568     -3.402     -0.433    1    1   0.000    1.000    1.000    1.000
 569     -3.408     -0.432    1    1   0.000    1.000    1.000    1.000
 570     -3.414     -0.431    1    1   0.000    1.000    1.000    1.000
 571     -3.420     -0.430    1    1   0.000    1.000    1.000    1.000
 572     -3.426     -0.429    1    1   0.000    1.000    1.000    1.000
 573     -3.432     -0.428    1    1   0.000    1.000    1.000    1.000
 574     -3.438     -0.427    1    1   0.000    1.000    1.000    1.000
 575     -3.444     -0.426    1    1   0.000    1.000    1.000    1.000
 576     -3.450     -0.425    1    1   0.000    1.000    1.000    1.000
 577     -3.456     -0.424    1    1   0.000    1.000    1.000    1.000
 578     -3.462     -0.423    1    1   0.000    1.000    1.000    1.000
 579     -3.468     -0.422    1    1   0.000    1.000    1.000    1.000
 580     -3.474     -0.421    1    1   0.000    1.000    1.000    1.000
 581     -3.480     -0.420    1    1   0.000    1.000    1.000    1.000
 582     -3.486     -0.419    1    1   0.000    1.000    1.000    1.000
 583     -3.492     -0.418    1    1   0.000    1.000    1.000    1.000
 584     -3.498     -0.417    1    1   0.000    1.000    1.000    1.000
 585     -3.504     -0.416    1    1   0.000    1.000    1.000    1.000
 586     -3.510     -0.415    1    1   0.000    1.000    1.000    1.000
 587     -3.516     -0.414    1    1   0.000    1.000    1.000    1.000
 588     -3.522     -0.413    1    1   0.000    1.000    1.000    1.000
 589     -3.528     -0.412    1    1   0.000    1.000    1.000    1.000
 590     -3.534     -0.411    1    1   0.000    1.000    1.000    1.000
 591     -3.540     -0.410    1    1   0.000    1.000    1.000    1.000
 592     -3.546     -0.409    1    1   0.000    1.000    1.000    1.000
 593     -3.552     -0.408    1    1   0.000    1.000    1.000    1.000
 594     -3.558     -0.407    1    1   0.000    1.000    1.000    1.000
 595     -3.564     -0.406    1    1   0.000    1.000    1.000    1.000
 596     -3.570     -0.405    1    1   0.000    1.000    1.000    1.000
 597     -3.576     -0.404    1    1   0.000    1.000    1.000    1.000
 598     -3.582     -0.403    1    1   0.000    1.000    1.000    1.000
 599     -3.588     -0.402    1    1   0.000    1.000    1.000    1.000
 600     -3.594     -0.401    1    1   0.000    1.000    1.000    1.000
 601     -3.600     -0.400    1    1   0.000    1.000    1.000    1.000
 602     -3.606     -0.399    1    1   0.000    1.000    1.000    1.000
 603     -3.612     -0.398    1    1   0.000    1.000    1.000    1.000
 604     -3.618     -0.397    1    1   0.000    1.000    1.000    1.000
 605     -3.624     -0.396    1    1   0.000    1.000    1.000    1.000
 606     -3.630     -0.395    1    1   0.000    1.000    1.000    1.000
 607     -3.636     -0.394    1    1   0.000    1.000    1.000    1.000
 608     -3.642     -0.393    1    1   0.000    1.000    1.000    1.000
 609     -3.648     -0.392    1    1   0.000    1.000    1.000    1.000
 610     -3.654     -0.391    1    1   0.000    1.000    1.000    1.000
 611     -3.660     -0.390    1    1   0.000    1.000    1.000    1.000
 612     -3.666     -0.389    1    1   0.000    1.000    1.000    1.000
 613     -3.672     -0.388    1    1   0.000    1.000    1.000    1.000
 614     -3.678     -0.387    1    1   0.000    1.000    1.000    1.000
 615     -3.684     -0.386    1    1   0.000    1.000    1.000    1.000
 616     -3.690     -0.385    1    1   0.000    1.000    1.000    1.000
 617     -3.696     -0.384    1    1   0.000    1.000    1.000    1.000
 618     -3.702     -0.383    1    1   0.000    1.000    1.000    1.000
 619     -3.708     -0.382    1    1   0.000    1.000    1.000    1.000
 620     -3.714     -0.381    1    1   0.000    1.000    1.000    1.000
 621     -3.720     -0.380    1    1   0.000    1.000    1.000    1.000
 622     -3.726     -0.379    1    1   0.000    1.000    1.000    1.000
 623     -3.732     -0.378    1    1   0.000    1.000    1.000    1.000
 624     -3.738     -0.377    1    1   0.000    1.000    1.000    1.000
 625     -3.744     -0.376    1    1   0.000    1.000    1.000    1.000
 626     -3.750     -0.375    1    1   0.000    1.000    1.000    1.000
 627     -3.756     -0.374    1    1   0.000    1.000    1.000    1.000
 628     -3.762     -0.373    1    1   0.000    1.000    1.000    1.000
 629     -3.768     -0.372    1    1   0.000    1.000    1.000    1.000
 630     -3.774     -0.371    1    1   0.000    1.000    1.000    1.000
 631     -3.780     -0.370    1    1   0.000    1.000    1.000    1.000
 632     -3.786     -0.369    1    1   0.000    1.000    1.000    1.000
 633     -3.792     -0.368    1    1   0.000    1.000    1.000    1.000
 634     -3.798     -0.367    1    1   0.000    1.000    1.000    1.000
 635     -3.804     -0.366    1    1   0.000    1.000    1.000    1.000
 636     -3.810     -0.365    1    1   0.000    1.000    1.000    1.000
 637     -3.816     -0.364    1    1   0.000    1.000    1.000    1.000
 638     -3.822     -0.363    1    1   0.000    1.000    1.000    1.000
 639     -3.828     -0.362    1    1   0.000    1.000    1.000    1.000
 640     -3.834     -0.361    1    1   0.000    1.000    1.000    1.000
 641     -3.840     -0.360    1    1   0.000    1.000    1.000    1.000
 642     -3.846     -0.359    1    1   0.000    1.000    1.000    1.000
 643     -3.852     -0.358    1    1   0.000    1.000    1.000    1.000
 644     -3.858     -0.357    1    1   0.000    1.000    1.000    1.000
 645     -3.864     -0.356    1    1   0.000    1.000    1.000    1.000
 646     -3.870     -0.355    1    1   0.000    1.000    1.000    1.000
 647     -3.876     -0.354    1    1   0.000    1.000    1.000    1.000
 648     -3.882     -0.353    1    1   0.000    1.000    1.000    1.000
 649     -3.888     -0.352    1    1   0.000    1.000    1.000    1.000
 650     -3.894     -0.351    1    1   0.000    1.000    1.000    1.000
 651     -3.900     -0.350    1    1   0.000    1.000    1.000    1.000
 652     -3.906     -0.349    1    1   0.000    1.000    1.000    1.000
 653     -3.912     -0.348    1    1   0.000    1.000    1.000    1.000
 654     -3.918     -0.347    1    1   0.000    1.000    1.000    1.000
 655     -3.924     -0.346    1    1   0.000    1.000    1.000    1.000
 656     -3.930     -0.345    1    1   0.000    1.000    1.000    1.000
 657     -3.936     -0.344    1    1   0.000    1.000    1.000    1.000
 658     -3.942     -0.343    1    1   0.000    1.000    1.000    1.000
 659     -3.948     -0.342    1    1   0.000    1.000    1.000    1.000
 660     -3.954     -0.341    1    1   0.000    1.000    1.000    1.000
 661     -3.960     -0.340    1    1   0.000    1.000    1.000    1.000
 662     -3.966     -0.339    1    1   0.000    1.000    1.000    1.000
 663     -3.972     -0.338    1    1   0.000    1.000    1.000    1.000
 664     -3.978     -0.337    1    1   0.000    1.000    1.000    1.000
 665     -3.984     -0.336    1    1   0.000    1.000    1.000    1.000
 666     -3.990     -0.335    1    1   0.000    1.000    1.000    1.000
 667     -3.996     -0.334    1    1   0.000    1.000    1.000    1.000
 668     -4.002     -0.333    1    1   0.000    1.000    1.000    1.000
 669     -4.008     -0.332    1    1   0.000    1.000    1.000    1.000
 670     -4.014     -0.331    1    1   0.000    1.000    1.000    1.000
 671     -4.020     -0.330    1    1   0.000    1.000    1.000    1.000
 672     -4.026     -0.329    1    1   0.000    1.000    1.000    1.000
 673     -4.032     -0.328    1    1   0.000    1.000    1.000    1.000
 674     -4.038     -0.327    1    1   0.000    1.000    1.000    1.000
 675     -4.044     -0.326    1    1   0.000    1.000    1.000    1.000
 676     -4.050     -0.325    1    1   0.000    1.000    1.000    1.000
 677     -4.056     -0.324    1    1   0.000    1.000    1.000    1.000
 678     -4.062     -0.323    1    1   0.000    1.000    1.000    1.000
 679     -4.068     -0.322    1    1   0.000    1.000    1.000    1.000
 680     -4.074     -0.321    1    1   0.000    1.000    1.000    1.000
 681     -4.080     -0.320    1    1   0.000    1.000    1.000    1.000
 682     -4.086     -0.319    1    1   0.000    1.000    1.000    1.000
 683     -4.092     -0.318    1    1   0.000    1.000    1.000    1.000
 684     -4.098     -0.317    1    1   0.000    1.000    1.000    1.000
 685     -4.104     -0.316    1    1   0.000    1.000    1.000    1.000
 686     -4.110     -0.315    1    1   0.000    1.000    1.000    1.000
 687     -4.116     -0.314    1    1   0.000    1.000    1.000    1.000
 688     -4.122     -0.313    1    1   0.000    1.000    1.000    1.000
 689     -4.128     -0.312    1    1   0.000    1.000    1.000    1.000
 690     -4.134     -0.311    1    1   0.000    1.000    1.000    1.000
 691     -4.140     -0.310    1    1   0.000    1.000    1.000    1.000
 692     -4.146     -0.309    1    1   0.000    1.000    1.000    1.000
 693     -4.152     -0.308    1    1   0.000    1.000    1.000    1.000
 694     -4.158     -0.307    1    1   0.000    1.000    1.000    1.000
 695     -4.164     -0.306    1    1   0.000    1.000    1.000    1.000
 696     -4.170     -0.305    1    1   0.000    1.000    1.000    1.000
 697     -4.176     -0.304    1    1   0.000    1.000    1.000    1.000
 698     -4.182     -0.303    1    1   0.000    1.000    1.000    1.000
 699     -4.188     -0.302    1    1   0.000    1.000    1.000    1.000
 700     -4.194     -0.301    1    1   0.000    1.000    1.000    1.000
 701     -4.200     -0.300    1    1   0.000    1.000    1.000    1.000
 702     -4.206     -0.299    1    1   0.000    1.000    1.000    1.000
 703     -4.212     -0.298    1    1   0.000    1.000    1.000    1.000
 704     -4.218     -0.297    1    1   0.000    1.000    1.000    1.000
 705     -4.224     -0.296    1    1   0.000    1.000    1.000    1.000
 706     -4.230     -0.295    1    1   0.000    1.000    1.000    1.000
 707     -4.236     -0.294    1    1   0.000    1.000    1.000    1.000
 708     -4.242     -0.293    1    1   0.000    1.000    1.000    1.000
 709     -4.248     -0.292    1    1   0.000    1.000    1.000    1.000
 710     -4.254     -0.291    1    1   0.000    1.000    1.000    1.000
 711     -4.260     -0.290    1    1   0.000    1.000    1.000    1.000
 712     -4.266     -0.289    1    1   0.000    1.000    1.000    1.000
 713     -4.272     -0.288    1    1   0.000    1.000    1.000    1.000
 714     -4.278     -0.287    1    1   0.000    1.000    1.000    1.000
 715     -4.284     -0.286    1    1   0.000    1.000    1.000    1.000
 716     -4.290     -0.285    1    1   0.000    1.000    1.000    1.000
 717     -4.296     -0.284    1    1   0.000    1.000    1.000    1.000
 718     -4.302     -0.283    1    1   0.000    1.000    1.000    1.000
 719     -4.308     -0.282    1    1   0.000    1.000    1.000    1.000
 720     -4.314     -0.281    1    1   0.000    1.000    1.000    1.000
 721     -4.320     -0.280    1    1   0.000    1.000    1.000    1.000
 722     -4.326     -0.279    1    1   0.000    1.000    1.000    1.000
 723     -4.332     -0.278    1    1   0.000    1.000    1.000    1.000
 724     -4.338     -0.277    1    1   0.000    1.000    1.000    1.000
 725     -4.344     -0.276    1    1   0.000    1.000    1.000    1.000
 726     -4.350     -0.275    1    1   0.000    1.000    1.000    1.000
 727     -4.356     -0.274    1    1   0.000    1.000    1.000    1.000
 728     -4.362     -0.273    1    1   0.000    1.000    1.000    1.000
 729     -4.368     -0.272    1    1   0.000    1.000    1.000    1.000
 730     -4.374     -0.271    1    1   0.000    1.000    1.000    1.000
 731     -4.380     -0.270    1    1   0.000    1.000    1.000    1.000
 732     -4.386     -0.269    1    1   0.000    1.000    1.000    1.000
 733     -4.392     -0.268    1    1   0.000    1.000    1.000    1.000
 734     -4.398     -0.267    1    1   0.000    1.000    1.000    1.000
 735     -4.404     -0.266    1    1   0.000    1.000    1.000    1.000
 736     -4.410     -0.265    1    1   0.000    1.000    1.000    1.000
 737     -4.416     -0.264    1    1   0.000    1.000    1.000    1.000
 738     -4.422     -0.263    1    1   0.000    1.000    1.000    1.000
 739     -4.428     -0.262    1    1   0.000    1.000    1.000    1.000
 740     -4.434     -0.261    1    1   0.000    1.000    1.000    1.000
 741     -4.440     -0.260    1    1   0.000    1.000    1.000    1.000
 742     -4.446     -0.259    1    1   0.000    1.000    1.000    1.000
 743     -4.452     -0.258    1    1   0.000    1.000    1.000    1.000
 744     -4.458     -0.257    1    1   0.000    1.000    1.000    1.000
 745     -4.464     -0.256    1    1   0.000    1.000    1.000    1.000
 746     -4.470     -0.255    1    1   0.000    1.000    1.000    1.000
 747     -4.476     -0.254    1    1   0.000    1.000    1.000    1.000
 748     -4.482     -0.253    1    1   0.000    1.000    1.000    1.000
 749     -4.488     -0.252    1    1   0.000    1.000    1.000    1.000
 750     -4.494     -0.251    1    1   0.000    1.000    1.000    1.000
 751     -4.500     -0.250    1    1   0.000    1.000    1.000    1.000
 752     -4.506     -0.249    1    1   0.000    1.000    1.000    1.000
 753     -4.512     -0.248    1    1   0.000    1.000    1.000    1.000
 754     -4.518     -0.247    1    1   0.000    1.000    1.000    1.000
 755     -4.524     -0.246    1    1   0.000    1.000    1.000    1.000
 756     -4.530     -0.245    1    1   0.000    1.000    1.000    1.000
 757     -4.536     -0.244    1    1   0.000    1.000    1.000    1.000
 758     -4.542     -0.243    1    1   0.000    1.000    1.000    1.000
 759     -4.548     -0.242    1    1   0.000    1.000    1.000    1.000
 760     -4.554     -0.241    1    1   0.000    1.000    1.000    1.000
 761     -4.560     -0.240    1    1   0.000    1.000    1.000    1.000
 762     -4.566     -0.239    1    1   0.000    1.000    1.000    1.000
 763     -4.572     -0.238    1    1   0.000    1.000    1.000    1.000
 764     -4.578     -0.237    1    1   0.000    1.000    1.000    1.000
 765     -4.584     -0.236    1    1   0.000    1.000    1.000    1.000
 766     -4.590     -0.235    1    1   0.000    1.000    1.000    1.000
 767     -4.596     -0.234    1    1   0.000    1.000    1.000    1.000
 768     -4.602     -0.233    1    1   0.000    1.000    1.000    1.000
 769     -4.608     -0.232    1    1   0.000    1.000    1.000    1.000
 770     -4.614     -0.231    1    1   0.000    1.000    1.000    1.000
 771     -4.620     -0.230    1    1   0.000    1.000    1.000    1.000
 772     -4.626     -0.229    1    1   0.000    1.000    1.000    1.000
 773     -4.632     -0.228    1    1   0.000    1.000    1.000    1.000
 774     -4.638     -0.227    1    1   0.000    1.000    1.000    1.000
 775     -4.644     -0.226    1    1   0.000    1.000    1.000    1.000
 776     -4.650     -0.225    1    1   0.000    1.000    1.000    1.000
 777     -4.656     -0.224    1    1   0.000    1.000    1.000    1.000
 778     -4.662     -0.223    1    1   0.000    1.000    1.000    1.000
 779     -4.668     -0.222    1    1   0.000    1.000    1.000    1.000
 780     -4.674     -0.221    1    1   0.000    1.000    1.000    1.000
 781     -4.680     -0.220    1    1   0.000    1.000    1.000    1.000
 782     -4.686     -0.219    1    1   0.000    1.000    1.000    1.000
 783     -4.692     -0.218    1    1   0.000    1.000    1.000    1.000
 784     -4.698     -0.217    1    1   0.000    1.000    1.000    1.000
 785     -4.704     -0.216    1    1   0.000    1.000    1.000    1.000
 786     -4.710     -0.215    1    1   0.000    1.000    1.000    1.000
 787     -4.716     -0.214    1    1   0.000    1.000    1.000    1.000
 788     -4.722     -0.213    1    1   0.000    1.000    1.000    1.000
 789     -4.728     -0.212    1    1   0.000    1.000    1.000    1.000
 790     -4.734     -0.211    1    1   0.000    1.000    1.000    1.000
 791     -4.740     -0.210    1    1   0.000    1.000    1.000    1.000
 792     -4.746     -0.209    1    1   0.000    1.000    1.000    1.000
 793     -4.752     -0.208    1    1   0.000    1.000    1.000    1.000
 794     -4.758     -0.207    1    1   0.000    1.000    1.000    1.000
 795     -4.764     -0.206    1    1   0.000    1.000    1.000    1.000
 796     -4.770     -0.205    1    1   0.000    1.000    1.000    1.000
 797     -4.776     -0.204    1    1   0.000    1.000    1.000    1.000
 798     -4.782     -0.203    1    1   0.000    1.000    1.000    1.000
 799     -4.788     -0.202    1    1   0.000    1.000    1.000    1.000
 800     -4.794     -0.201    1    1   0.000    1.000    1.000    1.000
 801     -4.800     -0.200    1    1   0.000    1.000    1.000    1.000
 802     -4.806     -0.199    1    1   0.000    1.000    1.000    1.000
 803     -4.812     -0.198    1    1   0.000    1.000    1.000    1.000
 804     -4.818     -0.197    1    1   0.000    1.000    1.000    1.000
 805     -4.824     -0.196    1    1   0.000    1.000    1.000    1.000
 806     -4.830     -0.195    1    1   0.000    1.000    1.000    1.000
 807     -4.836     -0.194    1    1   0.000    1.000    1.000    1.000
 808     -4.842     -0.193    1    1   0.000    1.000    1.000    1.000
 809     -4.848     -0.192    1    1   0.000    1.000    1.000    1.000
 810     -4.854     -0.191    1    1   0.000    1.000    1.000    1.000
 811     -4.860     -0.190    1    1   0.000    1.000    1.000    1.000
 812     -4.866     -0.189    1    1   0.000    1.000    1.000    1.000
 813     -4.872     -0.188    1    1   0.000    1.000    1.000    1.000
 814     -4.878     -0.187    1    1   0.000    1.000    1.000    1.000
 815     -4.884     -0.186    1    1   0.000    1.000    1.000    1.000
 816     -4.890     -0.185    1    1   0.000    1.000    1.000    1.000
 817     -4.896     -0.184    1    1   0.000    1.000    1.000    1.000
 818     -4.902     -0.183    1    1   0.000    1.000    1.000    1.000
 819     -4.908     -0.182    1    1   0.000    1.000    1.000    1.000
 820     -4.914     -0.181    1    1   0.000    1.000    1.000    1.000
 821     -4.920     -0.180    1    1   0.000    1.000    1.000    1.000
 822     -4.926     -0.179    1    1   0.000    1.000    1.000    1.000
 823     -4.932     -0.178    1    1   0.000    1.000    1.000    1.000
 824     -4.938     -0.177    1    1   0.000    1.000    1.000    1.000
 825     -4.944     -0.176    1    1   0.000    1.000    1.000    1.000
 826     -4.950     -0.175    1    1   0.000    1.000    1.000    1.000
 827     -4.956     -0.174    1    1   0.000    1.000    1.000    1.000
 828     -4.962     -0.173    1    1   0.000    1.000    1.000    1.000
 829     -4.968     -0.172    1    1   0.000    1.000    1.000    1.000
 830     -4.974     -0.171    1    1   0.000    1.000    1.000    1.000
 831     -4.980     -0.170    1    1   0.000    1.000    1.000    1.000
 832     -4.986     -0.169    1    1   0.000    1.000    1.000    1.000
 833     -4.992     -0.168    1    1   0.000    1.000    1.000    1.000
 834     -4.998     -0.167    1    1   0.000    1.000    1.000    1.000
 835     -5.004     -0.166    1    1   0.000    1.000    1.000    1.000
 836     -5.010     -0.165    1    1   0.000    1.000    1.000    1.000
 837     -5.016     -0.164    1    1   0.000    1.000    1.000    1.000
 838     -5.022     -0.163    1    1   0.000    1.000    1.000    1.000
 839     -5.028     -0.162    1    1   0.000    1.000    1.000    1.000
 840     -5.034     -0.161    1    1   0.000    1.000    1.000    1.000
 841     -5.040     -0.160    1    1   0.000    1.000    1.000    1.000
 842     -5.046     -0.159    1    1   0.000    1.000    1.000    1.000
 843     -5.052     -0.158    1    1   0.000    1.000    1.000    1.000
 844     -5.058     -0.157    1    1   0.000    1.000    1.000    1.000
 845     -5.064     -0.156    1    1   0.000    1.000    1.000    1.000
 846     -5.070     -0.155    1    1   0.000    1.000    1.000    1.000
 847     -5.076     -0.154    1    1   0.000    1.000    1.000    1.000
 848     -5.082     -0.153    1    1   0.000    1.000    1.000    1.000
 849     -5.088     -0.152    1    1   0.000    1.000    1.000    1.000
 850     -5.094     -0.151    1    1   0.000    1.000    1.000    1.000
 851     -5.100     -0.150    1    1   0.000    1.000    1.000    1.000
 852     -5.106     -0.149    1    1   0.000    1.000    1.000    1.000
 853     -5.112     -0.148    1    1   0.000    1.000    1.000    1.000
 854     -5.118     -0.147    1    1   0.000    1.000    1.000    1.000
 855     -5.124     -0.146    1    1   0.000    1.000    1.000    1.000
 856     -5.130     -0.145    1    1   0.000    1.000    1.000    1.000
 857     -5.136     -0.144    1    1   0.000    1.000    1.000    1.000
 858     -5.142     -0.143    1    1   0.000    1.000    1.000    1.000
 859     -5.148     -0.142    1    1   0.000    1.000    1.000    1.000
 860     -5.154     -0.141    1    1   0.000    1.000    1.000    1.000
 861     -5.160     -0.140    1    1   0.000    1.000    1.000    1.000
 862     -5.166     -0.139    1    1   0.000    1.000    1.000    1.000
 863     -5.172     -0.138    1    1   0.000    1.000    1.000    1.000
 864     -5.178     -0.137    1    1   0.000    1.000    1.000    1.000
 865     -5.184     -0.136    1    1   0.000    1.000    1.000    1.000
 866     -5.190     -0.135    1    1   0.000    1.000    1.000    1.000
 867     -5.196     -0.134    1    1   0.000    1.000    1.000    1.000
 868     -5.202     -0.133    1    1   0.000    1.000    1.000    1.000
 869     -5.208     -0.132    1    1   0.000    1.000    1.000    1.000
 870     -5.214     -0.131    1    1   0.000    1.000    1.000    1.000
 871     -5.220     -0.130    1    1   0.000    1.000    1.000    1.000
 872     -5.226     -0.129    1    1   0.000    1.000    1.000    1.000
 873     -5.232     -0.128    1    1   0.000    1.000    1.000    1.000
 874     -5.238     -0.127    1    1   0.000    1.000    1.000    1.000
 875     -5.244     -0.126    1    1   0.000    1.000    1.000    1.000
 876     -5.250     -0.125    1    1   0.000    1.000    1.000    1.000
 877     -5.256     -0.124    1    1   0.000    1.000    1.000    1.000
 878     -5.262     -0.123    1    1   0.000    1.000    1.000    1.000
 879     -5.268     -0.122    1    1   0.000    1.000    1.000    1.000
 880     -5.274     -0.121    1    1   0.000    1.000    1.000    1.000
 881     -5.280     -0.120    1    1   0.000    1.000    1.000    1.000
 882     -5.286     -0.119    1    1   0.000    1.000    1.000    1.000
 883     -5.292     -0.118    1    1   0.000    1.000    1.000    1.000
 884     -5.298     -0.117    1    1   0.000    1.000    1.000    1.000
 885     -5.304     -0.116    1    1   0.000    1.000    1.000    1.000
 886     -5.310     -0.115    1    1   0.000    1.000    1.000    1.000
 887     -5.316     -0.114    1    1   0.000    1.000    1.000    1.000
 888     -5.322     -0.113    1    1   0.000    1.000    1.000    1.000
 889     -5.328     -0.112    1    1   0.000    1.000    1.000    1.000
 890     -5.334     -0.111    1    1   0.000    1.000    1.000    1.000
 891     -5.340     -0.110    1    1   0.000    1.000    1.000    1.000
 892     -5.346     -0.109    1    1   0.000    1.000    1.000    1.000
 893     -5.352     -0.108    1    1   0.000    1.000    1.000    1.000
 894     -5.358     -0.107    1    1   0.000    1.000    1.000    1.000
 895     -5.364     -0.106    1    1   0.000    1.000    1.000    1.000
 896     -5.370     -0.105    1    1   0.000    1.000    1.000    1.000
 897     -5.376     -0.104    1    1   0.000    1.000    1.000    1.000
 898     -5.382     -0.103    1    1   0.000    1.000    1.000    1.000
 899     -5.388     -0.102    1    1   0.000    1.000    1.000    1.000
 900     -5.394     -0.101    1    1   0.000    1.000    1.000    1.000
 901     -5.400     -0.100    1    1   0.000    1.000    1.000    1.000
 902     -5.406     -0.099    1    1   0.000    1.000    1.000    1.000
 903     -5.412     -0.098    1    1   0.000    1.000    1.000    1.000
 904     -5.418     -0.097    1    1   0.000    1.000    1.000    1.000
 905     -5.424     -0.096    1    1   0.000    1.000    1.000    1.000
 906     -5.430     -0.095    1    1   0.000    1.000    1.000    1.000
 907     -5.436     -0.094    1    1   0.000    1.000    1.000    1.000
 908     -5.442     -0.093    1    1   0.000    1.000    1.000    1.000
 909     -5.448     -0.092    1    1   0.000    1.000    1.000    1.000
 910     -5.454     -0.091    1    1   0.000    1.000    1.000    1.000
 911     -5.460     -0.090    1    1   0.000    1.000    1.000    1.000
 912     -5.466     -0.089    1    1   0.000    1.000    1.000    1.000
 913     -5.472     -0.088    1    1   0.000    1.000    1.000    1.000
 914     -5.478     -0.087    1    1   0.000    1.000    1.000    1.000
 915     -5.484     -0.086    1    1   0.000    1.000    1.000    1.000
 916     -5.490     -0.085    1    1   0.000    1.000    1.000    1.000
 917     -5.496     -0.084    1    1   0.000    1.000    1.000    1.000
 918     -5.502     -0.083    1    1   0.000    1.000    1.000    1.000
 919     -5.508     -0.082    1    1   0.000    1.000    1.000    1.000
 920     -5.514     -0.081    1    1   0.000    1.000    1.000    1.000
 921     -5.520     -0.080    1    1   0.000    1.000    1.000    1.000
 922     -5.526     -0.079    1    1   0.000    1.000    1.000    1.000
 923     -5.532     -0.078    1    1   0.000    1.000    1.000    1.000
 924     -5.538     -0.077    1    1   0.000    1.000    1.000    1.000
 925     -5.544     -0.076    1    1   0.000    1.000    1.000    1.000
 926     -5.550     -0.075    1    1   0.000    1.000    1.000    1.000
 927     -5.556     -0.074    1    1   0.000    1.000    1.000    1.000
 928     -5.562     -0.073    1    1   0.000    1.000    1.000    1.000
 929     -5.568     -0.072    1    1   0.000    1.000    1.000    1.000
 930     -5.574     -0.071    1    1   0.000    1.000    1.000    1.000
 931     -5.580     -0.070    1    1   0.000    1.000    1.000    1.000
 932     -5.586     -0.069    1    1   0.000    1.000    1.000    1.000
 933     -5.592     -0.068    1    1   0.000    1.000    1.000    1.000
 934     -5.598     -0.067    1    1   0.000    1.000    1.000    1.000
 935     -5.604     -0.066    1    1   0.000    1.000    1.000    1.000
 936     -5.610     -0.065    1    1   0.000    1.000    1.000    1.000
 937     -5.616     -0.064    1    1   0.000    1.000    1.000    1.000
 938     -5.622     -0.063    1    1   0.000    1.000    1.000    1.000
 939     -5.628     -0.062    1    1   0.000    1.000    1.000    1.000
 940     -5.634     -0.061    1    1   0.000    1.000    1.000    1.000
 941     -5.640     -0.060    1    1   0.000    1.000    1.000    1.000
 942     -5.646     -0.059    1    1   0.000    1.000    1.000    1.000
 943     -5.652     -0.058    1    1   0.000    1.000    1.000    1.000
 944     -5.658     -0.057    1    1   0.000    1.000    1.000    1.000
 945     -5.664     -0.056    1    1   0.000    1.000    1.000    1.000
 946     -5.670     -0.055    1    1   0.000    1.000    1.000    1.000
 947     -5.676     -0.054    1    1   0.000    1.000    1.000    1.000
 948     -5.682     -0.053    1    1   0.000    1.000    1.000    1.000
 949     -5.688     -0.052    1    1   0.000    1.000    1.000    1.000
 950     -5.694     -0.051    1    1   0.000    1.000    1.000    1.000
 951     -5.700     -0.050    1    1   0.000    1.000    1.000    1.000
 952     -5.706     -0.049    1    1   0.000    1.000    1.000    1.000
 953     -5.712     -0.048    1    1   0.000    1.000    1.000    1.000
 954     -5.718     -0.047    1    1   0.000    1.000    1.000    1.000
 955     -5.724     -0.046    1    1   0.000    1.000    1.000    1.000
 956     -5.730     -0.045    1    1   0.000    1.000    1.000    1.000
 957     -5.736     -0.044    1    1   0.000    1.000    1.000    1.000
 958     -5.742     -0.043    1    1   0.000    1.000    1.000    1.000
 959     -5.748     -0.042    1    1   0.000    1.000    1.000    1.000
 960     -5.754     -0.041    1    1   0.000    1.000    1.000    1.000
 961     -5.760     -0.040    1    1   0.000    1.000    1.000    1.000
 962     -5.766     -0.039    1    1   0.000    1.000    1.000    1.000
 963     -5.772     -0.038    1    1   0.000    1.000    1.000    1.000
 964     -5.778     -0.037    1    1   0.000    1.000    1.000    1.000
 965     -5.784     -0.036    1    1   0.000    1.000    1.000    1.000
 966     -5.790     -0.035    1    1   0.000    1.000    1.000    1.000
 967     -5.796     -0.034    1    1   0.000    1.000    1.000    1.000
 968     -5.802     -0.033    1    1   0.000    1.000    1.000    1.000
 969     -5.808     -0.032    1    1   0.000    1.000    1.000    1.000
 970     -5.814     -0.031    1    1   0.000    1.000    1.000    1.000
 971     -5.820     -0.030    1    1   0.000    1.000    1.000    1.000
 972     -5.826     -0.029    1    1   0.000    1.000    1.000    1.000
 973     -5.832     -0.028    1    1   0.000    1.000    1.000    1.000
 974     -5.838     -0.027    1    1   0.000    1.000    1.000    1.000
 975     -5.844     -0.026    1    1   0.000    1.000    1.000    1.000
 976     -5.850     -0.025    1    1   0.000    1.000    1.000    1.000
 977     -5.856     -0.024    1    1   0.000    1.000    1.000    1.000
 978     -5.862     -0.023    1    1   0.000    1.000    1.000    1.000
 979     -5.868     -0.022    1    1   0.000    1.000    1.000    1.000
 980     -5.874     -0.021    1    1   0.000    1.000    1.000    1.000
 981     -5.880     -0.020    1    1   0.000    1.000    1.000    1.000
 982     -5.886     -0.019    1    1   0.000    1.000    1.000    1.000
 983     -5.892     -0.018    1    1   0.000    1.000    1.000    1.000
 984     -5.898     -0.017    1    1   0.000    1.000    1.000    1.000
 985     -5.904     -0.016    1    1   0.000    1.000    1.000    1.000
 986     -5.910     -0.015    1    1   0.000    1.000    1.000    1.000
 987     -5.916     -0.014    1    1   0.000    1.000    1.000    1.000
 988     -5.922     -0.013    1    1   0.000    1.000    1.000    1.000
 989     -5.928     -0.012    1    1   0.000    1.000    1.000    1.000
 990     -5.934     -0.011    1    1   0.000    1.000    1.000    1.000
 991     -5.940     -0.010    1    1   0.000    1.000    1.000    1.000
 992     -5.946     -0.009    1    1   0.000    1.000    1.000    1.000
 993     -5.952     -0.008    1    1   0.000    1.000    1.000    1.000
 994     -5.958     -0.007    1    1   0.000    1.000    1.000    1.000
 995     -5.964     -0.006    1    1   0.000    1.000    1.000    1.000
 996     -5.970     -0.005    1    1   0.000    1.000    1.000    1.000
 997     -5.976     -0.004    1    1   0.000    1.000    1.000    1.000
 998     -5.982     -0.003    1    1   0.000    1.000    1.000    1.000
 999     -5.988     -0.002    1    1   0.000    1.000    1.000    1.000
1000     -5.994     -0.001    1    1   0.000    1.000    1.000    1.000
1001     -6.000      0.000    1    1   0.000    1.000    1.000    1.000
end

 Number of species in the chain :   0


MatNum, Param. array:

   Mat     Qr     Qs        Alfa         n          Ks      l

    1    0.045  0.430   0.145E+02   0.268E+01   0.713E+01  0.500

       Table of Hydraulic Properties which are interpolated in simulation
       =================================================================

  theta         h        log h        C             K        log K          S          Kv

  0.4300  -0.100E-02 -0.3000E+01  0.7642E-02  0.7116E+01  0.8523E+00    1.0000  0.4763E-26
  0.4300  -0.112E-02 -0.2949E+01  0.9291E-02  0.7114E+01  0.8521E+00    1.0000  0.1342E-25
  0.4300  -0.126E-02 -0.2899E+01  0.1130E-01  0.7111E+01  0.8519E+00    1.0000  0.3730E-25
  0.4300  -0.142E-02 -0.2848E+01  0.1373E-01  0.7107E+01  0.8517E+00    1.0000  0.1067E-24
  0.4300  -0.159E-02 -0.2798E+01  0.1670E-01  0.7103E+01  0.8514E+00    1.0000  0.3009E-24
  0.4300  -0.179E-02 -0.2747E+01  0.2030E-01  0.7097E+01  0.8511E+00    1.0000  0.8518E-24
  0.4300  -0.201E-02 -0.2697E+01  0.2468E-01  0.7090E+01  0.8507E+00    1.0000  0.2402E-23
  0.4300  -0.226E-02 -0.2646E+01  0.3000E-01  0.7082E+01  0.8502E+00    0.9999  0.6786E-23
  0.4300  -0.254E-02 -0.2596E+01  0.3647E-01  0.7072E+01  0.8496E+00    0.9999  0.1917E-22
  0.4300  -0.285E-02 -0.2545E+01  0.4433E-01  0.7060E+01  0.8488E+00    0.9999  0.5413E-22
  0.4299  -0.320E-02 -0.2495E+01  0.5389E-01  0.7046E+01  0.8479E+00    0.9998  0.1529E-21
  0.4299  -0.359E-02 -0.2444E+01  0.6551E-01  0.7028E+01  0.8468E+00    0.9998  0.4324E-21
  0.4299  -0.404E-02 -0.2394E+01  0.7963E-01  0.7006E+01  0.8455E+00    0.9997  0.1221E-20
  0.4298  -0.453E-02 -0.2343E+01  0.9678E-01  0.6980E+01  0.8439E+00    0.9996  0.3449E-20
  0.4298  -0.509E-02 -0.2293E+01  0.1176E+00  0.6948E+01  0.8419E+00    0.9994  0.9740E-20
  0.4297  -0.572E-02 -0.2242E+01  0.1429E+00  0.6909E+01  0.8394E+00    0.9992  0.2750E-19
  0.4296  -0.643E-02 -0.2192E+01  0.1736E+00  0.6862E+01  0.8365E+00    0.9989  0.7763E-19
  0.4294  -0.722E-02 -0.2141E+01  0.2109E+00  0.6805E+01  0.8328E+00    0.9985  0.2190E-18
  0.4292  -0.811E-02 -0.2091E+01  0.2560E+00  0.6736E+01  0.8284E+00    0.9980  0.6174E-18
  0.4289  -0.911E-02 -0.2040E+01  0.3106E+00  0.6652E+01  0.8230E+00    0.9972  0.1739E-17
  0.4286  -0.102E-01 -0.1990E+01  0.3767E+00  0.6551E+01  0.8163E+00    0.9962  0.4894E-17
  0.4280  -0.115E-01 -0.1939E+01  0.4563E+00  0.6429E+01  0.8082E+00    0.9949  0.1375E-16
  0.4273  -0.129E-01 -0.1889E+01  0.5521E+00  0.6283E+01  0.7981E+00    0.9930  0.3854E-16
  0.4263  -0.145E-01 -0.1838E+01  0.6668E+00  0.6107E+01  0.7858E+00    0.9905  0.1077E-15
  0.4250  -0.163E-01 -0.1788E+01  0.8034E+00  0.5897E+01  0.7706E+00    0.9871  0.2999E-15
  0.4233  -0.183E-01 -0.1737E+01  0.9650E+00  0.5649E+01  0.7520E+00    0.9825  0.8306E-15
  0.4209  -0.206E-01 -0.1687E+01  0.1154E+01  0.5357E+01  0.7289E+00    0.9763  0.2284E-14
  0.4177  -0.231E-01 -0.1636E+01  0.1372E+01  0.5018E+01  0.7005E+00    0.9680  0.6219E-14
  0.4134  -0.260E-01 -0.1586E+01  0.1619E+01  0.4629E+01  0.6655E+00    0.9569  0.1672E-13
  0.4078  -0.292E-01 -0.1535E+01  0.1892E+01  0.4191E+01  0.6223E+00    0.9423  0.4419E-13
  0.4005  -0.327E-01 -0.1485E+01  0.2181E+01  0.3708E+01  0.5692E+00    0.9233  0.1143E-12
  0.3910  -0.368E-01 -0.1434E+01  0.2473E+01  0.3193E+01  0.5041E+00    0.8988  0.2872E-12
  0.3792  -0.413E-01 -0.1384E+01  0.2747E+01  0.2660E+01  0.4249E+00    0.8680  0.6967E-12
  0.3646  -0.464E-01 -0.1333E+01  0.2974E+01  0.2134E+01  0.3292E+00    0.8300  0.1618E-11
  0.3471  -0.521E-01 -0.1283E+01  0.3123E+01  0.1639E+01  0.2147E+00    0.7846  0.3565E-11
  0.3268  -0.586E-01 -0.1232E+01  0.3170E+01  0.1201E+01  0.7958E-01    0.7319  0.7395E-11
  0.3041  -0.658E-01 -0.1182E+01  0.3099E+01  0.8368E+00 -0.7737E-01    0.6729  0.1435E-10
  0.2796  -0.739E-01 -0.1131E+01  0.2913E+01  0.5539E+00 -0.2566E+00    0.6094  0.2592E-10
  0.2543  -0.830E-01 -0.1081E+01  0.2633E+01  0.3487E+00 -0.4575E+00    0.5436  0.4353E-10
  0.2291  -0.933E-01 -0.1030E+01  0.2294E+01  0.2096E+00 -0.6787E+00    0.4781  0.6807E-10
  0.2048  -0.105E+00 -0.9798E+00  0.1932E+01  0.1208E+00 -0.9180E+00    0.4151  0.9955E-10
  0.1822  -0.118E+00 -0.9293E+00  0.1581E+01  0.6714E-01 -0.1173E+01    0.3563  0.1370E-09
  0.1616  -0.132E+00 -0.8788E+00  0.1262E+01  0.3622E-01 -0.1441E+01    0.3030  0.1786E-09
  0.1434  -0.148E+00 -0.8283E+00  0.9871E+00  0.1907E-01 -0.1720E+01    0.2556  0.2223E-09
  0.1275  -0.167E+00 -0.7778E+00  0.7600E+00  0.9848E-02 -0.2007E+01    0.2144  0.2661E-09
  0.1139  -0.187E+00 -0.7273E+00  0.5779E+00  0.5011E-02 -0.2300E+01    0.1789  0.3083E-09
  0.1023  -0.210E+00 -0.6768E+00  0.4353E+00  0.2520E-02 -0.2599E+01    0.1488  0.3477E-09
  0.0925  -0.236E+00 -0.6263E+00  0.3255E+00  0.1257E-02 -0.2901E+01    0.1234  0.3835E-09
  0.0843  -0.266E+00 -0.5758E+00  0.2421E+00  0.6225E-03 -0.3206E+01    0.1021  0.4154E-09
  0.0775  -0.298E+00 -0.5253E+00  0.1793E+00  0.3068E-03 -0.3513E+01    0.0843  0.4434E-09
  0.0718  -0.335E+00 -0.4747E+00  0.1324E+00  0.1507E-03 -0.3822E+01    0.0696  0.4676E-09
  0.0671  -0.376E+00 -0.4242E+00  0.9755E-01  0.7384E-04 -0.4132E+01    0.0574  0.4884E-09
  0.0632  -0.423E+00 -0.3737E+00  0.7175E-01  0.3610E-04 -0.4442E+01    0.0473  0.5061E-09
  0.0600  -0.475E+00 -0.3232E+00  0.5272E-01  0.1762E-04 -0.4754E+01    0.0389  0.5210E-09
  0.0573  -0.534E+00 -0.2727E+00  0.3869E-01  0.8595E-05 -0.5066E+01    0.0321  0.5335E-09
  0.0552  -0.599E+00 -0.2222E+00  0.2838E-01  0.4188E-05 -0.5378E+01    0.0264  0.5440E-09
  0.0534  -0.673E+00 -0.1717E+00  0.2081E-01  0.2040E-05 -0.5690E+01    0.0217  0.5528E-09
  0.0519  -0.756E+00 -0.1212E+00  0.1525E-01  0.9931E-06 -0.6003E+01    0.0179  0.5601E-09
  0.0507  -0.850E+00 -0.7071E-01  0.1118E-01  0.4833E-06 -0.6316E+01    0.0147  0.5661E-09
  0.0497  -0.955E+00 -0.2020E-01  0.8188E-02  0.2352E-06 -0.6629E+01    0.0121  0.5711E-09
  0.0488  -0.107E+01  0.3030E-01  0.5998E-02  0.1144E-06 -0.6942E+01    0.0099  0.5752E-09
  0.0482  -0.120E+01  0.8081E-01  0.4393E-02  0.5565E-07 -0.7255E+01    0.0082  0.5787E-09
  0.0476  -0.135E+01  0.1313E+00  0.3217E-02  0.2706E-07 -0.7568E+01    0.0067  0.5815E-09
  0.0471  -0.152E+01  0.1818E+00  0.2356E-02  0.1316E-07 -0.7881E+01    0.0055  0.5838E-09
  0.0468  -0.171E+01  0.2323E+00  0.1726E-02  0.6401E-08 -0.8194E+01    0.0046  0.5857E-09
  0.0464  -0.192E+01  0.2828E+00  0.1264E-02  0.3113E-08 -0.8507E+01    0.0037  0.5873E-09
  0.0462  -0.215E+01  0.3333E+00  0.9253E-03  0.1514E-08 -0.8820E+01    0.0031  0.5886E-09
  0.0460  -0.242E+01  0.3838E+00  0.6775E-03  0.7362E-09 -0.9133E+01    0.0025  0.5897E-09
  0.0458  -0.272E+01  0.4343E+00  0.4961E-03  0.3580E-09 -0.9446E+01    0.0021  0.5905E-09
  0.0457  -0.305E+01  0.4848E+00  0.3633E-03  0.1741E-09 -0.9759E+01    0.0017  0.5913E-09
  0.0455  -0.343E+01  0.5354E+00  0.2660E-03  0.8465E-10 -0.1007E+02    0.0014  0.5918E-09
  0.0454  -0.385E+01  0.5859E+00  0.1948E-03  0.4116E-10 -0.1039E+02    0.0012  0.5923E-09
  0.0454  -0.433E+01  0.6364E+00  0.1426E-03  0.2002E-10 -0.1070E+02    0.0010  0.5927E-09
  0.0453  -0.486E+01  0.6869E+00  0.1044E-03  0.9733E-11 -0.1101E+02    0.0008  0.5930E-09
  0.0452  -0.546E+01  0.7374E+00  0.7647E-04  0.4733E-11 -0.1132E+02    0.0006  0.5933E-09
  0.0452  -0.614E+01  0.7879E+00  0.5600E-04  0.2301E-11 -0.1164E+02    0.0005  0.5935E-09
  0.0452  -0.689E+01  0.8384E+00  0.4100E-04  0.1119E-11 -0.1195E+02    0.0004  0.5936E-09
  0.0451  -0.774E+01  0.8889E+00  0.3002E-04  0.5442E-12 -0.1226E+02    0.0004  0.5937E-09
  0.0451  -0.870E+01  0.9394E+00  0.2198E-04  0.2646E-12 -0.1258E+02    0.0003  0.5938E-09
  0.0451  -0.977E+01  0.9899E+00  0.1610E-04  0.1287E-12 -0.1289E+02    0.0002  0.5939E-09
  0.0451  -0.110E+02  0.1040E+01  0.1179E-04  0.6256E-13 -0.1320E+02    0.0002  0.5939E-09
  0.0451  -0.123E+02  0.1091E+01  0.8630E-05  0.3042E-13 -0.1352E+02    0.0002  0.5939E-09
  0.0451  -0.138E+02  0.1141E+01  0.6319E-05  0.1479E-13 -0.1383E+02    0.0001  0.5939E-09
  0.0450  -0.156E+02  0.1192E+01  0.4627E-05  0.7193E-14 -0.1414E+02    0.0001  0.5939E-09
  0.0450  -0.175E+02  0.1242E+01  0.3388E-05  0.3498E-14 -0.1446E+02    0.0001  0.5938E-09
  0.0450  -0.196E+02  0.1293E+01  0.2481E-05  0.1701E-14 -0.1477E+02    0.0001  0.5938E-09
  0.0450  -0.221E+02  0.1343E+01  0.1817E-05  0.8271E-15 -0.1508E+02    0.0001  0.5937E-09
  0.0450  -0.248E+02  0.1394E+01  0.1330E-05  0.4022E-15 -0.1540E+02    0.0001  0.5936E-09
  0.0450  -0.278E+02  0.1444E+01  0.9740E-06  0.1956E-15 -0.1571E+02    0.0000  0.5935E-09
  0.0450  -0.313E+02  0.1495E+01  0.7132E-06  0.9509E-16 -0.1602E+02    0.0000  0.5934E-09
  0.0450  -0.351E+02  0.1545E+01  0.5222E-06  0.4624E-16 -0.1633E+02    0.0000  0.5932E-09
  0.0450  -0.394E+02  0.1596E+01  0.3824E-06  0.2248E-16 -0.1665E+02    0.0000  0.5930E-09
  0.0450  -0.443E+02  0.1646E+01  0.2800E-06  0.1093E-16 -0.1696E+02    0.0000  0.5928E-09
  0.0450  -0.498E+02  0.1697E+01  0.2050E-06  0.5316E-17 -0.1727E+02    0.0000  0.5926E-09
  0.0450  -0.559E+02  0.1747E+01  0.1501E-06  0.2585E-17 -0.1759E+02    0.0000  0.5923E-09
  0.0450  -0.628E+02  0.1798E+01  0.1099E-06  0.1257E-17 -0.1790E+02    0.0000  0.5921E-09
  0.0450  -0.705E+02  0.1848E+01  0.8049E-07  0.6113E-18 -0.1821E+02    0.0000  0.5917E-09
  0.0450  -0.792E+02  0.1899E+01  0.5894E-07  0.2972E-18 -0.1853E+02    0.0000  0.5914E-09
  0.0450  -0.890E+02  0.1949E+01  0.4315E-07  0.1445E-18 -0.1884E+02    0.0000  0.5909E-09
  0.0450  -0.100E+03  0.2000E+01  0.3160E-07  0.7028E-19 -0.1915E+02    0.0000  0.5905E-09
end
