 ******* Program HYDRUS
 ******* 
 Welcome to HYDRUS-1D                                                    
 Date:  17. 5.2021    Time:  18:49:54
 Units: L = m    , T = days , M = mmol 

----------------------------------------------------------
 Time       [T]        0.0000
----------------------------------------------------------
 Sub-region num.                     1
----------------------------------------------------------
 Length   [L]        0.60000E+01  0.60000E+01
 W-volume [L]        0.58595E+00  0.58595E+00
 In-flow  [L/T]      0.00000E+00  0.00000E+00
 h Mean   [L]       -0.50000E+00 -0.50000E+00
 Top Flux [L/T]     -0.15754E-06
 Bot Flux [L/T]     -0.59352E+01
----------------------------------------------------------

----------------------------------------------------------
 Time       [T]      730.4000
----------------------------------------------------------
 Sub-region num.                     1
----------------------------------------------------------
 Length   [L]        0.60000E+01  0.60000E+01
 W-volume [L]        0.50344E+00  0.50344E+00
 In-flow  [L/T]      0.42515E-02  0.42515E-02
 h Mean   [L]       -0.29386E+00 -0.29386E+00
 Top Flux [L/T]     -0.46163E-02
 Bot Flux [L/T]     -0.30374E-03
 WatBalT  [L]       -0.22020E-02
 WatBalR  [%]              0.086
----------------------------------------------------------

----------------------------------------------------------
 Time       [T]     1460.8000
----------------------------------------------------------
 Sub-region num.                     1
----------------------------------------------------------
 Length   [L]        0.60000E+01  0.60000E+01
 W-volume [L]        0.52328E+00  0.52328E+00
 In-flow  [L/T]     -0.20214E-03 -0.20214E-03
 h Mean   [L]       -0.27585E+00 -0.27585E+00
 Top Flux [L/T]     -0.10147E-03
 Bot Flux [L/T]     -0.30207E-03
 WatBalT  [L]       -0.71468E-02
 WatBalR  [%]              0.150
----------------------------------------------------------

----------------------------------------------------------
 Time       [T]     2191.2000
----------------------------------------------------------
 Sub-region num.                     1
----------------------------------------------------------
 Length   [L]        0.60000E+01  0.60000E+01
 W-volume [L]        0.53915E+00  0.53915E+00
 In-flow  [L/T]     -0.53718E-03 -0.53718E-03
 h Mean   [L]       -0.27309E+00 -0.27309E+00
 Top Flux [L/T]      0.54244E-04
 Bot Flux [L/T]     -0.14414E-03
 WatBalT  [L]       -0.15033E-01
 WatBalR  [%]              0.235
----------------------------------------------------------

----------------------------------------------------------
 Time       [T]     2921.6000
----------------------------------------------------------
 Sub-region num.                     1
----------------------------------------------------------
 Length   [L]        0.60000E+01  0.60000E+01
 W-volume [L]        0.59713E+00  0.59713E+00
 In-flow  [L/T]      0.85698E-04  0.85698E-04
 h Mean   [L]       -0.22746E+00 -0.22746E+00
 Top Flux [L/T]     -0.14599E-02
 Bot Flux [L/T]     -0.12208E-02
 WatBalT  [L]       -0.19717E-01
 WatBalR  [%]              0.216
----------------------------------------------------------

----------------------------------------------------------
 Time       [T]     3652.0000
----------------------------------------------------------
 Sub-region num.                     1
----------------------------------------------------------
 Length   [L]        0.60000E+01  0.60000E+01
 W-volume [L]        0.55332E+00  0.55332E+00
 In-flow  [L/T]     -0.19772E-02 -0.19772E-02
 h Mean   [L]       -0.25436E+00 -0.25436E+00
 Top Flux [L/T]     -0.15353E-03
 Bot Flux [L/T]     -0.15275E-02
 WatBalT  [L]       -0.26760E-01
 WatBalR  [%]              0.237
----------------------------------------------------------
 
 Calculation time [sec]   111.529999971390     
